


BODC Request Format Std. V1.0           Headers=  38 Data Cycles=    498
Series=     1113168                     Produced: 21-Jan-2013
Id                         CTD024 Unit> British Oceanographic Data Centre Liver>
022d4.5mN039d47.9mW                     start:20121023140000 end:20121023145800
Dep: floor 4796.4 sensor    3.0   496.3 Nom. sample int.:    1.0 DB
   13 Parameters included:
Parameter f    P    Q Absent Data Value Minimum Value  Maximum Value       Units
ACYCAA01  Y   11   21             -1.00          1.00         498.00     Dmnless
Sequence number
ATTNDR01  Y   23   33             -1.00          0.03           0.08          /m
Attenuance (red light wavelength) per unit length of the water body by 25cm pat>
CPHLPS01  Y   35   45             -1.00         -0.07           0.80      mg/m^3
Concentration of chlorophyll-a {chl-a} per unit volume of the water body [parti>
DOXYSC01  Y   47   57             -1.00        170.14         231.20      umol/l
Concentration of oxygen {O2} per unit volume of the water body [dissolved phase>
DWIRPP01  Y   59   69             -1.00          0.00          19.20       W/m^2
Downwelling 2-pi scalar irradiance as energy (PAR wavelengths) in the water bod>
OXYSSC01  Y   71   81             -1.00         64.61         109.78           %
Saturation of oxygen {O2} in the water body [dissolved phase] by Sea-Bird SBE 4>
POPTDR01  Y   83   93             -1.00         98.02          99.21           %
Transmittance (red light wavelength) per 25cm of the water body by 25cm path le>
POTMCV01  Y   95  105             -9.00         12.90          26.84        degC
Potential temperature of the water body by computation using UNESCO 1983 algori>
PRESPR01  Y  107  117            -99.00          3.00         500.00        dbar
Pressure (spatial co-ordinate) exerted by the water body by profiling pressure >
PSALCC01  Y  119  129             -1.00         35.76          37.49     Dmnless
Practical salinity of the water body by CTD and computation using UNESCO 1983 a>
SIGTPR01  Y  131  141             -1.00         24.58          27.00      kg/m^3
Sigma-theta of the water body by CTD and computation from salinity and potentia>
TEMPST01  Y  143  153             -9.00         12.97          26.83        degC
Temperature of the water body by CTD or STD
UWIRPP01  Y  155  165             -1.00          0.00           0.31       W/m^2
Upwelling 2-pi scalar irradiance as energy (PAR wavelengths) in the water body >

Format Record
(10,1,%9d,1,1,%7.3f,1,1,%6.2f,1,1,%5.1f,1,1,%6.2f,1,1,%6.2f,1,1,%7.3f,1,1,%6.3f,
1,1,%8.2f,1,1,%6.3f,1,1,%6.3f,1,1,%6.3f,1,1,%6.2f,1,1)

          

  Cycle   ACYCAA01:1  ATTNDR01:1  CPHLPS01:1  DOXYSC01:1  DWIRPP01:1  OXYSSC01:1  POPTDR01:1  POTMCV01:1  PRESPR01:1  PSALCC01:1  SIGTPR01:1  TEMPST01:1  UWIRPP01:1  
Number              f           f           f           f           f           f           f           f           f           f           f           f           f 
       1)          1       0.073        0.08       208.1       19.20      102.77      98.200      26.839        3.00      37.404      24.584      26.833        0.31 
       2)          2       0.073        0.06       208.4       10.80      102.92      98.180      26.839        4.00      37.404      24.584      26.833        0.31 
       3)          3       0.074        0.07       208.5       10.80      102.98      98.170      26.836        5.00      37.403      24.584      26.831        0.31 
       4)          4       0.073        0.09       208.4       10.20      102.94      98.200      26.837        6.00      37.404      24.585      26.832        0.31 
       5)          5       0.072        0.09       208.4       10.00      102.91      98.200      26.835        7.00      37.403      24.585      26.830        0.31 
       6)          6       0.072        0.07       208.1        9.12      102.79      98.210      26.836        8.00      37.403      24.584      26.831        0.30 
       7)          7       0.073        0.09       208.2        8.25      102.82      98.200      26.835        9.00      37.403      24.584      26.831        0.29 
       8)          8       0.073        0.08       208.3        7.45      102.85      98.190      26.828       10.00      37.402      24.586      26.824        0.28 
       9)          9       0.075        0.10       208.4        6.80      102.92      98.150      26.828       11.00      37.402      24.586      26.824        0.26 
      10)         10       0.073        0.12       208.7        6.43      103.03      98.200      26.823       12.00      37.401      24.587      26.819        0.25 
      11)         11       0.074        0.12       207.9        5.28      102.67      98.170      26.816       13.00      37.401      24.589      26.813        0.23 
      12)         12       0.074        0.11       208.3        5.34      102.86      98.180      26.819       14.00      37.402      24.589      26.816        0.21 
      13)         13       0.073        0.10       208.4        3.95      102.91      98.180      26.819       15.00      37.401      24.588      26.816        0.20 
      14)         14       0.073        0.10       208.3        3.98      102.87      98.190      26.821       16.00      37.401      24.588      26.818        0.20 
      15)         15       0.074        0.11       207.8        4.02      102.62      98.180      26.818       17.00      37.401      24.589      26.815        0.20 
      16)         16       0.074        0.12       207.9        3.78      102.66      98.180      26.814       18.00      37.401      24.590      26.812        0.19 
      17)         17       0.074        0.11       208.1        3.59      102.75      98.170      26.820       19.00      37.402      24.589      26.818        0.18 
      18)         18       0.074        0.16       208.4        3.00      102.87      98.180      26.810       20.00      37.401      24.591      26.808        0.18 
      19)         19       0.075        0.14       208.1        3.32      102.72      98.150      26.806       21.00      37.400      24.592      26.804        0.17 
      20)         20       0.076        0.09       208.4        2.99      102.87      98.120      26.809       22.00      37.401      24.591      26.808        0.16 
      21)         21       0.076        0.09       208.3        2.41      102.84      98.130      26.803       23.00      37.400      24.593      26.802        0.15 
      22)         22       0.074        0.09       207.9        2.65      102.65      98.170      26.806       24.00      37.400      24.592      26.805        0.15 
      23)         23       0.075        0.10       208.1        2.56      102.74      98.150      26.804       25.00      37.400      24.592      26.803        0.15 
      24)         24       0.076        0.14       207.7        2.58      102.56      98.120      26.806       26.00      37.400      24.591      26.806        0.16 
      25)         25       0.075        0.14       208.1        2.29      102.73      98.130      26.795       27.00      37.399      24.594      26.795        0.14 
      26)         26       0.075        0.16       208.3        2.41      102.80      98.130      26.792       28.00      37.398      24.595      26.792        0.14 
      27)         27       0.075        0.17       208.0        2.41      102.66      98.150      26.798       29.00      37.399      24.593      26.798        0.13 
      28)         28       0.076        0.17       208.0        1.88      102.66      98.110      26.795       30.00      37.399      24.595      26.795        0.10 
      29)         29       0.075        0.17       208.2        1.58      102.75      98.130      26.792       31.00      37.399      24.595      26.793        0.09 
      30)         30       0.076        0.17       208.3        1.16      102.82      98.110      26.793       32.00      37.399      24.595      26.794        0.08 
      31)         31       0.075        0.16       208.1        0.88      102.73      98.150      26.795       33.00      37.399      24.594      26.796        0.07 
      32)         32       0.077        0.17       208.1        0.80      102.71      98.100      26.793       34.00      37.399      24.595      26.794        0.06 
      33)         33       0.076        0.17       208.0        0.75      102.65      98.120      26.791       35.00      37.398      24.595      26.793        0.06 
      34)         34       0.077        0.17       207.8        0.70      102.58      98.100      26.791       36.00      37.398      24.595      26.793        0.06 
      35)         35       0.075        0.16       207.9        0.67      102.63      98.130      26.792       37.00      37.399      24.595      26.794        0.05 
      36)         36       0.076        0.17       208.0        0.64      102.68      98.120      26.791       38.00      37.399      24.596      26.793        0.05 
      37)         37       0.075        0.14       207.7        0.63      102.54      98.130      26.791       39.00      37.398      24.595      26.794        0.05 
      38)         38       0.076        0.16       208.3        0.60      102.82      98.120      26.790       40.00      37.398      24.595      26.793        0.05 
      39)         39       0.075        0.17       207.8        0.57      102.56      98.140      26.791       41.00      37.398      24.595      26.794        0.05 
      40)         40       0.076        0.17       208.0        0.56      102.68      98.110      26.790       42.00      37.398      24.595      26.793        0.04 
      41)         41       0.075        0.19       207.8        0.53      102.58      98.130      26.790       43.00      37.398      24.595      26.793        0.04 
      42)         42       0.075        0.20       208.0        0.52      102.66      98.140      26.790       44.00      37.398      24.595      26.794        0.04 
      43)         43       0.075        0.21       207.7        0.50      102.51      98.150      26.789       45.00      37.398      24.596      26.793        0.04 
      44)         44       0.075        0.19       207.7        0.48      102.53      98.150      26.788       46.00      37.398      24.596      26.792        0.04 
      45)         45       0.075        0.17       208.0        0.47      102.68      98.130      26.788       47.00      37.398      24.596      26.792        0.04 
      46)         46       0.075        0.19       207.9        0.46      102.63      98.140      26.788       48.00      37.398      24.596      26.793        0.04 
      47)         47       0.075        0.19       208.1        0.44      102.72      98.140      26.787       49.00      37.398      24.596      26.792        0.04 
      48)         48       0.075        0.22       207.9        0.43      102.61      98.140      26.787       50.00      37.398      24.596      26.792        0.03 
      49)         49       0.074        0.22       207.7        0.41      102.53      98.160      26.787       51.00      37.398      24.596      26.792        0.03 
      50)         50       0.074        0.20       207.7        0.40      102.53      98.160      26.786       52.00      37.398      24.596      26.792        0.03 
      51)         51       0.075        0.20       207.7        0.40      102.54      98.140      26.787       53.00      37.398      24.596      26.793        0.03 
      52)         52       0.076        0.20       207.6        0.39      102.44      98.110      26.787       54.00      37.398      24.596      26.793        0.03 
      53)         53       0.075        0.20       207.7        0.38      102.49      98.130      26.787       55.00      37.398      24.596      26.793        0.03 
      54)         54       0.074        0.21       207.6        0.37      102.46      98.170      26.787       56.00      37.398      24.596      26.793        0.03 
      55)         55       0.075        0.19       208.1        0.36      102.70      98.150      26.786       57.00      37.398      24.596      26.793        0.03 
      56)         56       0.074        0.20       207.9        0.35      102.63      98.160      26.786       58.00      37.398      24.596      26.793        0.03 
      57)         57       0.074        0.20       207.7        0.34      102.49      98.160      26.785       59.00      37.398      24.597      26.792        0.03 
      58)         58       0.075        0.18       207.8        0.34      102.58      98.150      26.782       60.00      37.399      24.599      26.789        0.03 
      59)         59       0.075        0.21       207.7        0.34      102.53      98.140      26.781       61.00      37.399      24.599      26.789        0.02 
      60)         60       0.076        0.20       208.3        0.33      102.77      98.110      26.767       62.00      37.400      24.604      26.775        0.02 
      61)         61       0.078        0.22       208.6        0.32      102.86      98.070      26.736       63.00      37.405      24.618      26.744        0.02 
      62)         62       0.080        0.25       209.4        0.32      103.21      98.020      26.698       64.00      37.414      24.637      26.706        0.02 
      63)         63       0.077        0.29       209.9        0.31      103.43      98.090      26.677       65.00      37.421      24.649      26.685        0.02 
      64)         64       0.078        0.27       210.1        0.33      103.51      98.070      26.681       66.00      37.421      24.647      26.690        0.02 
      65)         65       0.079        0.29       211.6        0.33      104.15      98.050      26.590       67.00      37.445      24.695      26.599        0.02 
      66)         66       0.078        0.31       217.9        0.32      106.39      98.070      26.116       68.00      37.473      24.866      26.125        0.02 
      67)         67       0.077        0.31       217.8        0.33      106.39      98.090      26.147       69.00      37.462      24.848      26.156        0.02 
      68)         68       0.074        0.34       225.0        0.35      108.68      98.170      25.448       70.00      37.486      25.085      25.457        0.02 
      69)         69       0.073        0.34       226.4        0.36      108.98      98.180      25.244       71.00      37.484      25.147      25.254        0.02 
      70)         70       0.073        0.33       228.1        0.38      109.22      98.200      24.952       72.00      37.474      25.229      24.962        0.02 
      71)         71       0.072        0.30       229.4        0.38      109.55      98.210      24.783       73.00      37.476      25.282      24.793        0.02 
      72)         72       0.071        0.26       229.8        0.37      109.78      98.230      24.808       74.00      37.480      25.278      24.818        0.02 
      73)         73       0.072        0.28       229.3        0.33      109.26      98.220      24.664       75.00      37.466      25.311      24.674        0.02 
      74)         74       0.071        0.29       230.5        0.32      109.72      98.240      24.593       76.00      37.467      25.333      24.604        0.02 
      75)         75       0.071        0.27       229.3        0.36      109.08      98.240      24.568       77.00      37.465      25.340      24.579        0.02 
      76)         76       0.073        0.31       230.4        0.38      109.23      98.190      24.371       78.00      37.453      25.390      24.382        0.02 
      77)         77       0.071        0.30       231.2        0.37      109.56      98.240      24.340       79.00      37.455      25.401      24.351        0.02 
      78)         78       0.071        0.32       230.3        0.34      109.02      98.240      24.283       80.00      37.453      25.417      24.294        0.02 
      79)         79       0.068        0.29       230.1        0.36      108.48      98.310      24.043       81.00      37.443      25.482      24.054        0.02 
      80)         80       0.067        0.30       229.1        0.36      107.87      98.340      23.971       82.00      37.441      25.501      23.983        0.02 
      81)         81       0.067        0.32       227.9        0.36      107.27      98.350      23.943       83.00      37.438      25.508      23.955        0.02 
      82)         82       0.067        0.28       228.1        0.36      107.32      98.350      23.932       84.00      37.436      25.509      23.944        0.02 
      83)         83       0.067        0.28       227.2        0.36      106.99      98.350      23.973       85.00      37.438      25.499      23.985        0.02 
      84)         84       0.066        0.31       226.3        0.34      106.35      98.370      23.866       86.00      37.428      25.523      23.878        0.02 
      85)         85       0.065        0.31       226.2        0.32      106.30      98.380      23.847       87.00      37.425      25.526      23.860        0.01 
      86)         86       0.065        0.30       225.1        0.31      105.70      98.390      23.801       88.00      37.429      25.543      23.814        0.01 
      87)         87       0.065        0.31       226.4        0.29      106.02      98.380      23.651       89.00      37.443      25.598      23.664        0.01 
      88)         88       0.064        0.30       225.8        0.28      105.65      98.400      23.598       90.00      37.441      25.613      23.611        0.01 
      89)         89       0.065        0.33       225.9        0.27      105.80      98.390      23.646       91.00      37.439      25.597      23.659        0.01 
      90)         90       0.064        0.30       224.6        0.25      105.01      98.420      23.568       92.00      37.435      25.617      23.582        0.01 
      91)         91       0.064        0.30       222.7        0.24      103.84      98.420      23.398       93.00      37.422      25.657      23.412        0.01 
      92)         92       0.064        0.32       222.3        0.23      103.53      98.430      23.331       94.00      37.407      25.666      23.345        0.01 
      93)         93       0.062        0.34       223.0        0.19      103.97      98.460      23.411       95.00      37.417      25.650      23.425        0.01 
      94)         94       0.063        0.35       221.1        0.17      102.84      98.450      23.269       96.00      37.406      25.683      23.283        0.01 
      95)         95       0.062        0.33       220.5        0.15      102.48      98.450      23.219       97.00      37.409      25.700      23.234        0.01 
      96)         96       0.063        0.37       219.7        0.14      102.00      98.440      23.162       98.00      37.405      25.714      23.177        0.01 
      97)         97       0.062        0.41       220.0        0.14      102.10      98.460      23.130       99.00      37.404      25.722      23.145        0.01 
      98)         98       0.062        0.46       218.9        0.14      101.39      98.470      23.034      100.00      37.404      25.750      23.049        0.01 
      99)         99       0.062        0.56       218.0        0.13      100.88      98.460      22.985      101.00      37.399      25.761      23.000        0.00 
     100)        100       0.062        0.63       216.3        0.08       99.94      98.460      22.881      102.00      37.398      25.790      22.896        0.00 
     101)        101       0.064        0.66       215.7        0.08       99.63      98.430      22.856      103.00      37.397      25.797      22.872        0.00 
     102)        102       0.064        0.72       214.7        0.08       99.09      98.410      22.815      104.00      37.393      25.806      22.831        0.00 
     103)        103       0.067        0.78       214.4        0.09       98.90      98.330      22.797      105.00      37.392      25.810      22.813        0.00 
     104)        104       0.065        0.80       214.5        0.09       98.94      98.390      22.782      106.00      37.390      25.813      22.798        0.00 
     105)        105       0.065        0.78       214.1        0.08       98.75      98.390      22.773      107.00      37.389      25.815      22.789        0.00 
     106)        106       0.065        0.74       214.2        0.08       98.78      98.390      22.777      108.00      37.390      25.814      22.794        0.00 
     107)        107       0.064        0.76       214.3        0.08       98.78      98.410      22.752      109.00      37.386      25.818      22.769        0.00 
     108)        108       0.065        0.75       214.0        0.07       98.62      98.380      22.736      110.00      37.385      25.822      22.753        0.00 
     109)        109       0.065        0.73       214.0        0.07       98.58      98.390      22.726      111.00      37.385      25.825      22.743        0.00 
     110)        110       0.065        0.73       213.6        0.06       98.40      98.390      22.714      112.00      37.383      25.827      22.731        0.00 
     111)        111       0.066        0.75       212.7        0.06       97.82      98.370      22.633      113.00      37.373      25.842      22.651        0.00 
     112)        112       0.064        0.75       212.0        0.05       97.37      98.410      22.556      114.00      37.367      25.860      22.574        0.00 
     113)        113       0.063        0.73       210.8        0.05       96.78      98.430      22.517      115.00      37.368      25.872      22.535        0.00 
     114)        114       0.063        0.73       210.3        0.05       96.43      98.430      22.468      116.00      37.367      25.885      22.486        0.00 
     115)        115       0.064        0.72       210.6        0.04       96.54      98.410      22.443      117.00      37.366      25.892      22.461        0.00 
     116)        116       0.064        0.71       211.7        0.04       97.27      98.420      22.561      118.00      37.370      25.861      22.580        0.00 
     117)        117       0.064        0.72       210.7        0.03       96.68      98.420      22.496      119.00      37.374      25.882      22.515        0.00 
     118)        118       0.063        0.69       209.4        0.03       95.96      98.440      22.411      120.00      37.368      25.903      22.430        0.00 
     119)        119       0.061        0.66       208.4        0.03       95.45      98.480      22.385      121.00      37.368      25.910      22.404        0.00 
     120)        120       0.061        0.65       207.9        0.03       95.15      98.490      22.342      122.00      37.362      25.918      22.361        0.00 
     121)        121       0.061        0.61       206.8        0.03       94.59      98.490      22.307      123.00      37.357      25.924      22.326        0.00 
     122)        122       0.060        0.62       205.8        0.03       93.98      98.520      22.235      124.00      37.347      25.937      22.255        0.00 
     123)        123       0.058        0.59       204.9        0.03       93.50      98.570      22.199      125.00      37.342      25.943      22.219        0.00 
     124)        124       0.057        0.55       205.0        0.02       93.57      98.600      22.190      126.00      37.341      25.945      22.210        0.00 
     125)        125       0.056        0.53       207.0        0.02       94.66      98.620      22.309      127.00      37.356      25.923      22.329        0.00 
     126)        126       0.057        0.50       205.3        0.02       93.86      98.590      22.281      128.00      37.353      25.928      22.301        0.00 
     127)        127       0.055        0.49       201.4        0.02       91.81      98.630      22.117      129.00      37.333      25.960      22.138        0.00 
     128)        128       0.055        0.48       200.6        0.02       91.35      98.640      22.079      130.00      37.330      25.968      22.100        0.00 
     129)        129       0.053        0.49       201.0        0.02       91.43      98.690      22.021      131.00      37.327      25.982      22.042        0.00 
     130)        130       0.052        0.47       201.4        0.02       91.60      98.710      21.993      132.00      37.325      25.989      22.014        0.00 
     131)        131       0.053        0.45       200.6        0.02       91.16      98.690      21.956      133.00      37.319      25.995      21.977        0.00 
     132)        132       0.051        0.39       199.4        0.02       90.57      98.740      21.927      134.00      37.314      25.999      21.948        0.00 
     133)        133       0.051        0.37       198.9        0.02       90.32      98.740      21.905      135.00      37.311      26.003      21.927        0.00 
     134)        134       0.050        0.37       198.8        0.02       90.25      98.750      21.891      136.00      37.309      26.005      21.913        0.00 
     135)        135       0.051        0.34       198.9        0.02       90.26      98.740      21.887      137.00      37.309      26.007      21.909        0.00 
     136)        136       0.051        0.35       199.7        0.02       90.82      98.740      21.995      138.00      37.321      25.985      22.017        0.00 
     137)        137       0.052        0.33       198.2        0.02       89.92      98.700      21.874      139.00      37.307      26.009      21.896        0.00 
     138)        138       0.050        0.32       197.9        0.02       89.73      98.750      21.842      140.00      37.303      26.015      21.865        0.00 
     139)        139       0.050        0.36       197.7        0.02       89.64      98.770      21.823      141.00      37.302      26.019      21.846        0.00 
     140)        140       0.050        0.39       197.9        0.01       89.69      98.770      21.817      142.00      37.301      26.020      21.840        0.00 
     141)        141       0.050        0.38       198.2        0.01       89.84      98.760      21.814      143.00      37.301      26.021      21.837        0.00 
     142)        142       0.049        0.38       198.4        0.01       89.90      98.770      21.812      144.00      37.301      26.022      21.835        0.00 
     143)        143       0.049        0.37       198.4        0.01       89.88      98.790      21.799      145.00      37.299      26.024      21.823        0.00 
     144)        144       0.049        0.36       198.4        0.01       89.97      98.790      21.837      146.00      37.303      26.016      21.861        0.00 
     145)        145       0.049        0.36       198.2        0.01       89.90      98.790      21.865      147.00      37.307      26.011      21.889        0.00 
     146)        146       0.049        0.35       197.9        0.01       89.66      98.790      21.798      148.00      37.298      26.023      21.822        0.00 
     147)        147       0.049        0.34       198.0        0.01       89.68      98.790      21.784      149.00      37.297      26.027      21.808        0.00 
     148)        148       0.048        0.30       197.7        0.01       89.55      98.800      21.768      150.00      37.294      26.029      21.793        0.00 
     149)        149       0.049        0.25       197.2        0.01       89.20      98.790      21.716      151.00      37.285      26.036      21.741        0.00 
     150)        150       0.047        0.25       197.0        0.01       89.05      98.840      21.681      152.00      37.280      26.043      21.706        0.00 
     151)        151       0.047        0.23       196.4        0.01       88.78      98.830      21.658      153.00      37.276      26.046      21.683        0.00 
     152)        152       0.047        0.26       196.1        0.01       88.60      98.830      21.643      154.00      37.274      26.049      21.668        0.00 
     153)        153       0.047        0.28       196.0        0.01       88.48      98.840      21.609      155.00      37.267      26.053      21.634        0.00 
     154)        154       0.046        0.22       196.5        0.01       88.66      98.850      21.561      156.00      37.261      26.062      21.587        0.00 
     155)        155       0.046        0.22       196.6        0.01       88.91      98.850      21.684      157.00      37.280      26.042      21.710        0.00 
     156)        156       0.046        0.20       195.3        0.01       88.13      98.850      21.584      158.00      37.264      26.058      21.610        0.00 
     157)        157       0.045        0.20       194.6        0.01       87.50      98.880      21.398      159.00      37.230      26.084      21.424        0.00 
     158)        158       0.044        0.19       193.9        0.01       87.14      98.900      21.351      160.00      37.223      26.091      21.377        0.00 
     159)        159       0.044        0.17       193.7        0.01       87.01      98.900      21.320      161.00      37.217      26.096      21.346        0.00 
     160)        160       0.044        0.15       193.6        0.00       86.89      98.910      21.287      162.00      37.210      26.099      21.314        0.00 
     161)        161       0.043        0.17       193.4        0.00       86.76      98.920      21.250      163.00      37.201      26.103      21.277        0.00 
     162)        162       0.044        0.20       193.7        0.00       87.05      98.890      21.345      164.00      37.223      26.093      21.372        0.00 
     163)        163       0.044        0.23       191.7        0.00       85.89      98.910      21.209      165.00      37.193      26.108      21.236        0.00 
     164)        164       0.043        0.24       191.0        0.00       85.53      98.920      21.174      166.00      37.186      26.112      21.201        0.00 
     165)        165       0.044        0.23       190.6        0.00       85.34      98.910      21.158      167.00      37.183      26.115      21.185        0.00 
     166)        166       0.044        0.22       190.1        0.00       85.06      98.900      21.131      168.00      37.178      26.118      21.159        0.00 
     167)        167       0.043        0.24       189.7        0.00       84.83      98.920      21.086      169.00      37.169      26.124      21.114        0.00 
     168)        168       0.043        0.23       189.7        0.00       84.78      98.940      21.055      170.00      37.163      26.128      21.083        0.00 
     169)        169       0.043        0.25       189.5        0.00       84.63      98.940      21.029      171.00      37.158      26.131      21.057        0.00 
     170)        170       0.042        0.22       188.8        0.00       84.26      98.950      20.981      172.00      37.148      26.137      21.009        0.00 
     171)        171       0.042        0.22       188.0        0.00       83.76      98.950      20.888      173.00      37.131      26.149      20.916        0.00 
     172)        172       0.042        0.22       187.6        0.00       83.40      98.950      20.779      174.00      37.109      26.162      20.807        0.00 
     173)        173       0.043        0.20       187.5        0.00       83.27      98.930      20.724      175.00      37.097      26.168      20.753        0.00 
     174)        174       0.042        0.18       188.2        0.00       83.60      98.950      20.730      176.00      37.104      26.172      20.759        0.00 
     175)        175       0.042        0.12       188.4        0.00       83.90      98.960      20.879      177.00      37.128      26.149      20.908        0.00 
     176)        176       0.042        0.10       186.7        0.00       82.85      98.960      20.691      178.00      37.089      26.171      20.720        0.00 
     177)        177       0.042        0.10       186.1        0.00       82.35      98.960      20.540      179.00      37.059      26.189      20.569        0.00 
     178)        178       0.041        0.11       185.4        0.00       81.98      98.970      20.520      180.00      37.054      26.191      20.549        0.00 
     179)        179       0.041        0.12       184.8        0.00       81.67      98.970      20.471      181.00      37.046      26.198      20.501        0.00 
     180)        180       0.041        0.10       184.4        0.00       81.40      98.970      20.418      182.00      37.035      26.204      20.448        0.00 
     181)        181       0.041        0.13       184.1        0.00       81.22      98.970      20.384      183.00      37.028      26.208      20.414        0.00 
     182)        182       0.041        0.14       184.2        0.00       81.18      98.970      20.345      184.00      37.021      26.213      20.375        0.00 
     183)        183       0.040        0.10       184.3        0.00       81.17      99.000      20.297      185.00      37.013      26.220      20.327        0.00 
     184)        184       0.041        0.08       184.7        0.00       81.38      98.990      20.325      186.00      37.020      26.218      20.355        0.00 
     185)        185       0.041        0.13       184.3        0.00       81.52      98.980      20.523      187.00      37.055      26.191      20.554        0.00 
     186)        186       0.041        0.13       182.9        0.00       80.73      98.970      20.396      188.00      37.031      26.207      20.427        0.00 
     187)        187       0.041        0.10       183.1        0.00       80.40      98.970      20.130      189.00      36.983      26.242      20.161        0.00 
     188)        188       0.042        0.09       183.0        0.00       80.28      98.950      20.077      190.00      36.972      26.247      20.108        0.00 
     189)        189       0.043        0.08       183.5        0.00       80.33      98.940      19.977      191.00      36.956      26.262      20.008        0.00 
     190)        190       0.041        0.07       184.1        0.00       80.49      98.970      19.931      192.00      36.947      26.267      19.962        0.00 
     191)        191       0.040        0.08       184.4        0.00       80.59      99.010      19.896      193.00      36.938      26.270      19.927        0.00 
     192)        192       0.040        0.09       184.9        0.00       80.76      99.020      19.868      194.00      36.940      26.279      19.899        0.00 
     193)        193       0.040        0.12       185.0        0.00       81.26      99.000      20.150      195.00      36.987      26.239      20.182        0.00 
     194)        194       0.040        0.06       183.6        0.00       80.65      99.000      20.167      196.00      36.989      26.236      20.199        0.00 
     195)        195       0.040        0.06       183.4        0.00       80.09      99.000      19.857      197.00      36.932      26.275      19.889        0.00 
     196)        196       0.039        0.05       183.3        0.00       79.94      99.020      19.773      198.00      36.916      26.286      19.805        0.00 
     197)        197       0.040        0.07       183.4        0.00       79.90      99.010      19.736      199.00      36.908      26.289      19.768        0.00 
     198)        198       0.039        0.10       183.2        0.00       79.80      99.030      19.715      200.00      36.904      26.292      19.747        0.00 
     199)        199       0.039        0.12       183.2        0.00       79.79      99.030      19.705      201.00      36.902      26.293      19.738        0.00 
     200)        200       0.039        0.12       183.3        0.00       79.79      99.030      19.690      202.00      36.899      26.294      19.723        0.00 
     201)        201       0.040        0.14       183.7        0.00       79.89      99.020      19.635      203.00      36.887      26.300      19.668        0.00 
     202)        202       0.040        0.11       184.6        0.00       80.21      99.010      19.597      204.00      36.886      26.309      19.630        0.00 
     203)        203       0.039        0.09       183.4        0.00       80.06      99.030      19.841      205.00      36.929      26.278      19.874        0.00 
     204)        204       0.040        0.09       183.3        0.00       79.68      99.020      19.605      206.00      36.883      26.305      19.638        0.00 
     205)        205       0.039        0.05       183.7        0.00       79.62      99.030      19.458      207.00      36.856      26.323      19.491        0.00 
     206)        206       0.039        0.06       183.1        0.00       79.33      99.030      19.437      208.00      36.852      26.325      19.470        0.00 
     207)        207       0.039        0.05       183.3        0.00       79.30      99.040      19.374      209.00      36.840      26.332      19.408        0.00 
     208)        208       0.039        0.05       183.3        0.00       79.24      99.040      19.324      210.00      36.831      26.338      19.358        0.00 
     209)        209       0.040        0.05       183.4        0.00       79.26      99.020      19.323      211.00      36.831      26.339      19.357        0.00 
     210)        210       0.039        0.05       183.6        0.00       79.36      99.030      19.320      212.00      36.830      26.339      19.354        0.00 
     211)        211       0.039        0.06       183.8        0.00       79.47      99.030      19.335      213.00      36.834      26.338      19.369        0.00 
     212)        212       0.039        0.08       183.3        0.00       79.32      99.030      19.388      214.00      36.843      26.331      19.423        0.00 
     213)        213       0.041        0.05       182.8        0.00       78.93      98.990      19.272      215.00      36.820      26.344      19.307        0.00 
     214)        214       0.039        0.05       183.4        0.00       78.99      99.040      19.136      216.00      36.794      26.359      19.171        0.00 
     215)        215       0.039        0.05       183.5        0.00       78.87      99.040      19.031      217.00      36.775      26.372      19.066        0.00 
     216)        216       0.039        0.06       183.5        0.00       78.83      99.040      19.000      218.00      36.770      26.376      19.035        0.00 
     217)        217       0.039        0.03       183.7        0.00       78.89      99.040      18.989      219.00      36.767      26.376      19.024        0.00 
     218)        218       0.038        0.03       183.7        0.00       78.85      99.040      18.976      220.00      36.764      26.378      19.011        0.00 
     219)        219       0.038        0.03       183.1        0.00       78.58      99.050      18.963      221.00      36.760      26.378      18.998        0.00 
     220)        220       0.039        0.04       183.1        0.00       78.48      99.040      18.896      222.00      36.746      26.384      18.931        0.00 
     221)        221       0.039        0.03       183.2        0.00       78.43      99.040      18.824      223.00      36.732      26.392      18.859        0.00 
     222)        222       0.038        0.03       183.9        0.00       78.56      99.050      18.722      224.00      36.714      26.404      18.758        0.00 
     223)        223       0.038       -0.00M      184.8        0.00       78.91      99.050      18.711      225.00      36.712      26.406      18.747        0.00 
     224)        224       0.038        0.01       184.2        0.00       78.91      99.060      18.868      226.00      36.744      26.390      18.904        0.00 
     225)        225       0.038        0.03       184.1        0.00       78.64      99.070      18.719      227.00      36.712      26.404      18.755        0.00 
     226)        226       0.038        0.04       184.9        0.00       78.74      99.050      18.561      228.00      36.684      26.423      18.597        0.00 
     227)        227       0.038        0.05       185.1        0.00       78.80      99.050      18.548      229.00      36.681      26.424      18.584        0.00 
     228)        228       0.038        0.06       185.3        0.00       78.85      99.060      18.541      230.00      36.679      26.424      18.577        0.00 
     229)        229       0.038        0.06       185.4        0.00       78.89      99.050      18.537      231.00      36.679      26.425      18.574        0.00 
     230)        230       0.038        0.03       185.6        0.00       78.99      99.060      18.535      232.00      36.678      26.424      18.572        0.00 
     231)        231       0.038        0.02       185.5        0.00       78.97      99.060      18.533      233.00      36.680      26.427      18.570        0.00 
     232)        232       0.038        0.02       185.5        0.00       78.78      99.060      18.440      234.00      36.662      26.436      18.477        0.00 
     233)        233       0.037        0.01       185.8        0.00       78.85      99.080      18.382      235.00      36.652      26.443      18.419        0.00 
     234)        234       0.037        0.02       185.9        0.00       78.85      99.080      18.350      236.00      36.645      26.446      18.387        0.00 
     235)        235       0.037        0.02       186.1        0.00       78.86      99.080      18.318      237.00      36.639      26.450      18.355        0.00 
     236)        236       0.037        0.02       186.4        0.00       78.93      99.080      18.274      238.00      36.631      26.455      18.311        0.00 
     237)        237       0.037        0.01       186.7        0.00       79.00      99.080      18.239      239.00      36.624      26.458      18.277        0.00 
     238)        238       0.037        0.02       186.7        0.00       78.93      99.080      18.208      240.00      36.618      26.461      18.246        0.00 
     239)        239       0.037        0.01       187.1        0.00       79.05      99.080      18.168      241.00      36.610      26.465      18.206        0.00 
     240)        240       0.037        0.00       188.0        0.00       79.33      99.080      18.116      242.00      36.599      26.470      18.154        0.00 
     241)        241       0.037        0.01       188.3        0.00       79.40      99.080      18.069      243.00      36.593      26.477      18.107        0.00 
     242)        242       0.037        0.01       188.6        0.00       79.52      99.080      18.051      244.00      36.591      26.480      18.089        0.00 
     243)        243       0.037       -0.01M      189.2        0.00       79.70      99.080      18.026      245.00      36.584      26.481      18.064        0.00 
     244)        244       0.037       -0.01M      188.9        0.00       79.57      99.080      18.008      246.00      36.580      26.482      18.046        0.00 
     245)        245       0.037        0.01       189.3        0.00       79.68      99.080      17.975      247.00      36.574      26.486      18.014        0.00 
     246)        246       0.036        0.01       189.3        0.00       79.64      99.090      17.939      248.00      36.568      26.490      17.978        0.00 
     247)        247       0.036        0.01       189.7        0.00       79.71      99.090      17.880      249.00      36.557      26.496      17.919        0.00 
     248)        248       0.036        0.01       190.2        0.00       79.86      99.090      17.847      250.00      36.550      26.499      17.886        0.00 
     249)        249       0.036        0.01       190.8        0.00       80.06      99.090      17.805      251.00      36.543      26.504      17.844        0.00 
     250)        250       0.037        0.01       190.3        0.00       79.95      99.080      17.879      252.00      36.556      26.496      17.918        0.00 
     251)        251       0.037        0.01       190.0        0.00       79.72      99.090      17.810      253.00      36.541      26.501      17.849        0.00 
     252)        252       0.037        0.01       190.4        0.00       79.77      99.080      17.750      254.00      36.533      26.510      17.790        0.00 
     253)        253       0.037        0.01       190.4        0.00       79.71      99.080      17.712      255.00      36.526      26.514      17.752        0.00 
     254)        254       0.037       -0.01M      190.6        0.00       79.86      99.090      17.740      256.00      36.532      26.512      17.780        0.00 
     255)        255       0.036       -0.04M      189.3        0.00       79.37      99.100      17.764      257.00      36.534      26.507      17.804        0.00 
     256)        256       0.036       -0.01M      187.3        0.00       78.30      99.090      17.625      258.00      36.509      26.522      17.665        0.00 
     257)        257       0.037       -0.00M      185.8        0.00       77.57      99.080      17.556      259.00      36.498      26.531      17.596        0.00 
     258)        258       0.037       -0.02M      184.6        0.00       76.98      99.090      17.511      260.00      36.489      26.535      17.551        0.00 
     259)        259       0.036       -0.02M      183.9        0.00       76.64      99.100      17.475      261.00      36.481      26.538      17.515        0.00 
     260)        260       0.036       -0.02M      183.7        0.00       76.51      99.100      17.444      262.00      36.475      26.541      17.484        0.00 
     261)        261       0.037       -0.01M      184.1        0.00       76.65      99.090      17.438      263.00      36.474      26.541      17.479        0.00 
     262)        262       0.037        0.01       184.0        0.00       76.65      99.080      17.451      264.00      36.480      26.543      17.492        0.00 
     263)        263       0.037        0.01       184.2        0.00       76.53      99.080      17.309      265.00      36.452      26.556      17.350        0.00 
     264)        264       0.037        0.01       184.9        0.00       76.72      99.080      17.253      266.00      36.443      26.562      17.294        0.00 
     265)        265       0.037        0.01       185.2        0.00       76.78      99.080      17.226      267.00      36.438      26.565      17.267        0.00 
     266)        266       0.037        0.01       185.2        0.00       76.75      99.080      17.206      268.00      36.439      26.571      17.247        0.00 
     267)        267       0.036        0.02       185.2        0.00       76.73      99.090      17.195      269.00      36.435      26.570      17.236        0.00 
     268)        268       0.038        0.01       185.5        0.00       76.86      99.070      17.186      270.00      36.432      26.570      17.227        0.00 
     269)        269       0.037        0.01       185.5        0.00       76.88      99.080      17.182      271.00      36.432      26.571      17.224        0.00 
     270)        270       0.036        0.01       185.3        0.00       76.75      99.090      17.166      272.00      36.429      26.573      17.208        0.00 
     271)        271       0.037        0.01       185.2        0.00       76.68      99.090      17.146      273.00      36.425      26.575      17.188        0.00 
     272)        272       0.036        0.01       185.1        0.00       76.59      99.100      17.125      274.00      36.422      26.577      17.167        0.00 
     273)        273       0.038        0.01       185.3        0.00       76.64      99.050      17.106      275.00      36.419      26.580      17.148        0.00 
     274)        274       0.037        0.01       185.6        0.00       76.75      99.090      17.088      276.00      36.415      26.581      17.130        0.00 
     275)        275       0.037        0.01       185.5        0.00       76.81      99.090      17.142      277.00      36.424      26.575      17.184        0.00 
     276)        276       0.037       -0.00M      184.8        0.00       76.49      99.080      17.128      278.00      36.423      26.577      17.171        0.00 
     277)        277       0.036       -0.01M      184.8        0.00       76.40      99.090      17.068      279.00      36.412      26.583      17.111        0.00 
     278)        278       0.037        0.01       184.8        0.00       76.36      99.080      17.051      280.00      36.409      26.585      17.094        0.00 
     279)        279       0.037        0.01       185.1        0.00       76.43      99.080      17.018      281.00      36.404      26.589      17.061        0.00 
     280)        280       0.037        0.01       185.4        0.00       76.52      99.080      16.988      282.00      36.398      26.592      17.031        0.00 
     281)        281       0.037       -0.01M      185.6        0.00       76.60      99.080      16.979      283.00      36.396      26.593      17.022        0.00 
     282)        282       0.037       -0.01M      185.9        0.00       76.69      99.090      16.971      284.00      36.395      26.594      17.014        0.00 
     283)        283       0.037        0.02       186.0        0.00       76.82      99.090      17.015      285.00      36.404      26.590      17.059        0.00 
     284)        284       0.037        0.01       185.5        0.00       76.71      99.090      17.084      286.00      36.413      26.580      17.128        0.00 
     285)        285       0.037       -0.01M      185.2        0.00       76.43      99.080      16.998      287.00      36.399      26.590      17.042        0.00 
     286)        286       0.037       -0.01M      185.3        0.00       76.35      99.090      16.919      288.00      36.385      26.598      16.963        0.00 
     287)        287       0.036       -0.01M      184.6        0.00       76.05      99.100      16.905      289.00      36.382      26.600      16.949        0.00 
     288)        288       0.036       -0.02M      183.8        0.00       75.70      99.100      16.879      290.00      36.377      26.602      16.923        0.00 
     289)        289       0.036       -0.03M      183.7        0.00       75.60      99.100      16.854      291.00      36.372      26.604      16.898        0.00 
     290)        290       0.036       -0.03M      183.6        0.00       75.57      99.100      16.846      292.00      36.370      26.604      16.891        0.00 
     291)        291       0.036       -0.01M      183.2        0.00       75.35      99.090      16.807      293.00      36.364      26.609      16.852        0.00 
     292)        292       0.036       -0.02M      183.3        0.00       75.36      99.090      16.798      294.00      36.362      26.610      16.843        0.00 
     293)        293       0.037       -0.03M      183.8        0.00       75.56      99.080      16.786      295.00      36.360      26.611      16.831        0.00 
     294)        294       0.036       -0.02M      183.4        0.00       75.32      99.090      16.734      296.00      36.351      26.616      16.779        0.00 
     295)        295       0.036        0.00       182.7        0.00       74.97      99.100      16.713      297.00      36.346      26.618      16.758        0.00 
     296)        296       0.036        0.00       182.4        0.00       74.84      99.100      16.709      298.00      36.345      26.618      16.754        0.00 
     297)        297       0.036       -0.01M      182.4        0.00       74.86      99.100      16.708      299.00      36.345      26.618      16.753        0.00 
     298)        298       0.036       -0.01M      182.8        0.00       75.02      99.100      16.721      300.00      36.348      26.617      16.767        0.00 
     299)        299       0.036        0.03       182.8        0.00       75.06      99.100      16.745      301.00      36.353      26.615      16.791        0.00 
     300)        300       0.036        0.06       182.7        0.00       74.96      99.100      16.690      302.00      36.343      26.621      16.736        0.00 
     301)        301       0.036        0.01       183.0        0.00       75.04      99.100      16.658      303.00      36.338      26.625      16.704        0.00 
     302)        302       0.036        0.01       183.2        0.00       75.11      99.090      16.647      304.00      36.337      26.626      16.693        0.00 
     303)        303       0.036        0.00       183.4        0.00       75.18      99.100      16.641      305.00      36.336      26.627      16.687        0.00 
     304)        304       0.036       -0.02M      183.5        0.00       75.21      99.100      16.635      306.00      36.334      26.627      16.681        0.00 
     305)        305       0.036       -0.02M      183.5        0.00       75.18      99.100      16.630      307.00      36.333      26.627      16.677        0.00 
     306)        306       0.036        0.00       183.3        0.00       75.12      99.100      16.627      308.00      36.333      26.628      16.674        0.00 
     307)        307       0.036        0.01       183.5        0.00       75.18      99.100      16.618      309.00      36.331      26.629      16.665        0.00 
     308)        308       0.037        0.01       183.7        0.00       75.25      99.090      16.609      310.00      36.330      26.630      16.656        0.00 
     309)        309       0.037        0.01       183.6        0.00       75.18      99.070      16.590      311.00      36.327      26.632      16.637        0.00 
     310)        310       0.036        0.00       183.8        0.00       75.23      99.090      16.573      312.00      36.324      26.634      16.620        0.00 
     311)        311       0.036       -0.01M      183.8        0.00       75.22      99.100      16.565      313.00      36.322      26.634      16.613        0.00 
     312)        312       0.036        0.00       183.9        0.00       75.21      99.100      16.545      314.00      36.319      26.637      16.593        0.00 
     313)        313       0.036        0.05       183.6        0.00       75.07      99.090      16.528      315.00      36.316      26.638      16.576        0.00 
     314)        314       0.036        0.05       183.6        0.00       75.04      99.100      16.501      316.00      36.311      26.641      16.549        0.00 
     315)        315       0.036        0.02       183.4        0.00       74.95      99.110      16.488      317.00      36.309      26.642      16.536        0.00 
     316)        316       0.036        0.01       183.4        0.00       74.93      99.100      16.478      318.00      36.307      26.643      16.526        0.00 
     317)        317       0.036        0.01       183.6        0.00       74.99      99.100      16.475      319.00      36.307      26.644      16.523        0.00 
     318)        318       0.036        0.04       183.6        0.00       75.01      99.100      16.476      320.00      36.308      26.645      16.524        0.00 
     319)        319       0.037        0.01       183.4        0.00       74.91      99.080      16.476      321.00      36.308      26.644      16.525        0.00 
     320)        320       0.036       -0.01M      183.2        0.00       74.84      99.100      16.470      322.00      36.306      26.644      16.519        0.00 
     321)        321       0.036        0.00       182.9        0.00       74.70      99.100      16.458      323.00      36.304      26.646      16.507        0.00 
     322)        322       0.036       -0.00M      182.9        0.00       74.68      99.100      16.454      324.00      36.303      26.646      16.503        0.00 
     323)        323       0.036       -0.00M      183.2        0.00       74.80      99.100      16.445      325.00      36.302      26.647      16.494        0.00 
     324)        324       0.036        0.03       183.0        0.00       74.69      99.100      16.437      326.00      36.300      26.648      16.486        0.00 
     325)        325       0.036        0.05       183.0        0.00       74.66      99.100      16.404      327.00      36.296      26.652      16.454        0.00 
     326)        326       0.036        0.06       182.7        0.00       74.48      99.100      16.373      328.00      36.290      26.655      16.423        0.00 
     327)        327       0.036        0.05       182.5        0.00       74.39      99.100      16.369      329.00      36.289      26.655      16.419        0.00 
     328)        328       0.036        0.05       182.4        0.00       74.35      99.100      16.363      330.00      36.288      26.656      16.413        0.00 
     329)        329       0.036        0.03       182.5        0.00       74.38      99.100      16.357      331.00      36.287      26.656      16.407        0.00 
     330)        330       0.036        0.01       182.7        0.00       74.43      99.110      16.351      332.00      36.285      26.656      16.401        0.00 
     331)        331       0.036        0.04       182.6        0.00       74.37      99.100      16.342      333.00      36.284      26.658      16.392        0.00 
     332)        332       0.036        0.04       182.5        0.00       74.32      99.100      16.331      334.00      36.282      26.658      16.382        0.00 
     333)        333       0.036        0.03       182.1        0.00       74.18      99.110      16.327      335.00      36.282      26.659      16.378        0.00 
     334)        334       0.036        0.03       181.9        0.00       74.06      99.100      16.300      336.00      36.277      26.662      16.351        0.00 
     335)        335       0.036        0.04       181.7        0.00       73.85      99.120      16.214      337.00      36.264      26.672      16.265        0.00 
     336)        336       0.035        0.03       181.6        0.00       73.74      99.120      16.166      338.00      36.255      26.676      16.217        0.00 
     337)        337       0.036        0.03       181.7        0.00       73.76      99.110      16.153      339.00      36.252      26.677      16.204        0.00 
     338)        338       0.036        0.02       181.9        0.00       73.80      99.110      16.144      340.00      36.251      26.678      16.195        0.00 
     339)        339       0.036        0.01       182.1        0.00       74.06      99.110      16.249      341.00      36.269      26.668      16.300        0.00 
     340)        340       0.035        0.00       181.0        0.00       73.54      99.130      16.204      342.00      36.261      26.672      16.256        0.00 
     341)        341       0.035       -0.00M      181.0        0.00       73.37      99.120      16.104      343.00      36.244      26.682      16.156        0.00 
     342)        342       0.036       -0.03M      180.8        0.00       73.29      99.110      16.087      344.00      36.241      26.684      16.139        0.00 
     343)        343       0.035       -0.03M      180.8        0.00       73.23      99.120      16.060      345.00      36.236      26.686      16.112        0.00 
     344)        344       0.035       -0.03M      180.8        0.00       73.15      99.120      15.992      346.00      36.224      26.693      16.044        0.00 
     345)        345       0.035       -0.02M      180.9        0.00       73.15      99.120      15.968      347.00      36.220      26.695      16.020        0.00 
     346)        346       0.036        0.00       181.0        0.00       73.15      99.110      15.955      348.00      36.218      26.697      16.007        0.00 
     347)        347       0.035        0.00       181.0        0.00       73.12      99.120      15.939      349.00      36.215      26.698      15.991        0.00 
     348)        348       0.035       -0.01M      180.8        0.00       73.05      99.130      15.926      350.00      36.213      26.699      15.978        0.00 
     349)        349       0.035        0.01       180.7        0.00       72.99      99.130      15.912      351.00      36.210      26.700      15.964        0.00 
     350)        350       0.035        0.02       180.7        0.00       72.95      99.130      15.902      352.00      36.209      26.702      15.955        0.00 
     351)        351       0.035        0.00       180.7        0.00       72.95      99.130      15.885      353.00      36.207      26.704      15.938        0.00 
     352)        352       0.035       -0.03M      180.7        0.00       72.88      99.130      15.852      354.00      36.201      26.707      15.905        0.00 
     353)        353       0.035       -0.02M      180.4        0.00       72.76      99.130      15.838      355.00      36.198      26.708      15.891        0.00 
     354)        354       0.035       -0.00M      180.7        0.00       72.82      99.130      15.813      356.00      36.195      26.712      15.866        0.00 
     355)        355       0.035        0.01       180.5        0.00       72.73      99.130      15.804      357.00      36.193      26.712      15.857        0.00 
     356)        356       0.035        0.00       180.4        0.00       72.68      99.130      15.794      358.00      36.191      26.713      15.847        0.00 
     357)        357       0.035       -0.01M      180.4        0.00       72.64      99.130      15.767      359.00      36.187      26.716      15.820        0.00 
     358)        358       0.035       -0.01M      180.4        0.00       72.61      99.130      15.752      360.00      36.184      26.717      15.805        0.00 
     359)        359       0.035        0.01       180.6        0.00       72.69      99.130      15.734      361.00      36.181      26.719      15.788        0.00 
     360)        360       0.035        0.02       180.3        0.00       72.55      99.130      15.723      362.00      36.179      26.720      15.777        0.00 
     361)        361       0.035        0.04       180.3        0.00       72.53      99.140      15.705      363.00      36.176      26.722      15.759        0.00 
     362)        362       0.035        0.01       180.1        0.00       72.39      99.130      15.681      364.00      36.173      26.725      15.735        0.00 
     363)        363       0.035        0.04       180.2        0.00       72.39      99.130      15.654      365.00      36.168      26.727      15.708        0.00 
     364)        364       0.035        0.05       180.6        0.00       72.49      99.130      15.613      366.00      36.162      26.732      15.667        0.00 
     365)        365       0.035        0.05       180.7        0.00       72.51      99.130      15.591      367.00      36.158      26.734      15.645        0.00 
     366)        366       0.035        0.01       181.0        0.00       72.59      99.130      15.581      368.00      36.156      26.735      15.635        0.00 
     367)        367       0.035        0.00       181.0        0.00       72.57      99.130      15.566      369.00      36.154      26.736      15.621        0.00 
     368)        368       0.035        0.03       180.8        0.00       72.49      99.140      15.550      370.00      36.151      26.738      15.605        0.00 
     369)        369       0.035        0.03       180.7        0.00       72.51      99.130      15.587      371.00      36.158      26.735      15.642        0.00 
     370)        370       0.035        0.03       180.3        0.00       72.23      99.130      15.522      372.00      36.147      26.741      15.577        0.00 
     371)        371       0.035        0.03       180.2        0.00       72.12      99.130      15.486      373.00      36.142      26.745      15.541        0.00 
     372)        372       0.035        0.04       179.8        0.00       71.97      99.130      15.475      374.00      36.140      26.746      15.530        0.00 
     373)        373       0.035        0.03       179.7        0.00       71.88      99.130      15.453      375.00      36.136      26.748      15.508        0.00 
     374)        374       0.035        0.05       179.6        0.00       71.78      99.130      15.396      376.00      36.127      26.754      15.451        0.00 
     375)        375       0.035        0.04       179.4        0.00       71.68      99.130      15.381      377.00      36.125      26.755      15.436        0.00 
     376)        376       0.035        0.03       179.3        0.00       71.60      99.130      15.369      378.00      36.123      26.756      15.424        0.00 
     377)        377       0.035       -0.01M      179.2        0.00       71.56      99.130      15.363      379.00      36.120      26.756      15.419        0.00 
     378)        378       0.034       -0.02M      179.4        0.00       71.67      99.140      15.385      380.00      36.125      26.755      15.441        0.00 
     379)        379       0.034       -0.03M      179.1        0.00       71.56      99.150      15.393      381.00      36.125      26.752      15.449        0.00 
     380)        380       0.035       -0.03M      178.8        0.00       71.39      99.140      15.351      382.00      36.118      26.757      15.407        0.00 
     381)        381       0.035       -0.05M      178.6        0.00       71.28      99.130      15.344      383.00      36.118      26.758      15.400        0.00 
     382)        382       0.035       -0.05M      178.3        0.00       71.13      99.130      15.322      384.00      36.113      26.759      15.378        0.00 
     383)        383       0.035       -0.04M      178.1        0.00       71.05      99.130      15.306      385.00      36.110      26.760      15.362        0.00 
     384)        384       0.035       -0.03M      178.0        0.00       70.95      99.130      15.277      386.00      36.106      26.764      15.334        0.00 
     385)        385       0.035        0.02       177.7        0.00       70.80      99.130      15.239      387.00      36.101      26.768      15.296        0.00 
     386)        386       0.035        0.06       177.9        0.00       70.82      99.130      15.213      388.00      36.097      26.771      15.270        0.00 
     387)        387       0.034        0.08       178.3        0.00       70.93      99.150      15.173      389.00      36.090      26.775      15.230        0.00 
     388)        388       0.034        0.06       178.7        0.00       70.99      99.140      15.117      390.00      36.082      26.781      15.174        0.00 
     389)        389       0.034        0.05       178.7        0.00       70.96      99.140      15.102      391.00      36.079      26.782      15.159        0.00 
     390)        390       0.034        0.08       178.5        0.00       70.88      99.150      15.085      392.00      36.076      26.784      15.142        0.00 
     391)        391       0.034        0.08       178.4        0.00       70.77      99.140      15.048      393.00      36.070      26.787      15.105        0.00 
     392)        392       0.034        0.06       178.3        0.00       70.69      99.140      15.017      394.00      36.065      26.790      15.074        0.00 
     393)        393       0.034        0.05       178.1        0.00       70.57      99.150      14.993      395.00      36.061      26.792      15.050        0.00 
     394)        394       0.036        0.01       178.1        0.00       70.51      99.100      14.947      396.00      36.054      26.797      15.004        0.00 
     395)        395       0.036       -0.01M      177.9        0.00       70.42      99.090      14.929      397.00      36.052      26.800      14.986        0.00 
     396)        396       0.035        0.01       177.9        0.00       70.39      99.130      14.908      398.00      36.048      26.801      14.965        0.00 
     397)        397       0.034       -0.03M      178.0        0.00       70.40      99.140      14.887      399.00      36.045      26.803      14.945        0.00 
     398)        398       0.035       -0.07M      177.9        0.00       70.31      99.130      14.850      400.00      36.038      26.806      14.908        0.00 
     399)        399       0.034       -0.06M      177.8        0.00       70.20      99.150      14.798      401.00      36.030      26.811      14.856        0.00 
     400)        400       0.034       -0.06M      177.5        0.00       70.02      99.150      14.773      402.00      36.025      26.813      14.831        0.00 
     401)        401       0.034       -0.04M      176.8        0.00       69.72      99.150      14.747      403.00      36.021      26.816      14.805        0.00 
     402)        402       0.034       -0.04M      176.0        0.00       69.35      99.150      14.715      404.00      36.016      26.819      14.773        0.00 
     403)        403       0.034       -0.04M      176.0        0.00       69.30      99.140      14.694      405.00      36.013      26.821      14.752        0.00 
     404)        404       0.034       -0.02M      175.9        0.00       69.24      99.150      14.673      406.00      36.010      26.823      14.731        0.00 
     405)        405       0.034       -0.01M      175.1        0.00       68.92      99.150      14.662      407.00      36.008      26.824      14.720        0.00 
     406)        406       0.034       -0.04M      174.7        0.00       68.74      99.150      14.644      408.00      36.005      26.826      14.702        0.00 
     407)        407       0.034       -0.03M      175.0        0.00       68.82      99.140      14.638      409.00      36.004      26.827      14.696        0.00 
     408)        408       0.034       -0.02M      175.4        0.00       69.01      99.140      14.635      410.00      36.005      26.828      14.694        0.00 
     409)        409       0.034       -0.01M      175.6        0.00       69.06      99.150      14.618      411.00      36.002      26.829      14.677        0.00 
     410)        410       0.034       -0.02M      175.2        0.00       68.88      99.140      14.610      412.00      36.000      26.829      14.669        0.00 
     411)        411       0.034       -0.02M      174.8        0.00       68.72      99.150      14.607      413.00      36.000      26.830      14.666        0.00 
     412)        412       0.034       -0.02M      174.7        0.00       68.67      99.150      14.597      414.00      35.999      26.832      14.656        0.00 
     413)        413       0.034       -0.02M      174.8        0.00       68.69      99.150      14.583      415.00      35.996      26.832      14.642        0.00 
     414)        414       0.034       -0.02M      175.0        0.00       68.74      99.160      14.568      416.00      35.994      26.834      14.627        0.00 
     415)        415       0.034       -0.02M      175.3        0.00       68.88      99.150      14.567      417.00      35.994      26.834      14.627        0.00 
     416)        416       0.034        0.01       175.3        0.00       68.96      99.150      14.635      418.00      36.004      26.827      14.695        0.00 
     417)        417       0.034        0.05       175.8        0.00       69.06      99.150      14.560      419.00      35.994      26.836      14.620        0.00 
     418)        418       0.034        0.03       176.8        0.00       69.36      99.150      14.496      420.00      35.985      26.843      14.556        0.00 
     419)        419       0.034        0.01       177.0        0.00       69.43      99.150      14.491      421.00      35.984      26.843      14.551        0.00 
     420)        420       0.034        0.01       177.1        0.00       69.44      99.150      14.484      422.00      35.983      26.844      14.544        0.00 
     421)        421       0.034        0.01       177.1        0.00       69.41      99.150      14.465      423.00      35.980      26.846      14.525        0.00 
     422)        422       0.034        0.01       177.0        0.00       69.35      99.170      14.450      424.00      35.977      26.847      14.510        0.00 
     423)        423       0.034       -0.00M      177.1        0.00       69.36      99.150      14.430      425.00      35.974      26.849      14.490        0.00 
     424)        424       0.034       -0.03M      177.2        0.00       69.36      99.150      14.402      426.00      35.970      26.852      14.462        0.00 
     425)        425       0.034       -0.03M      177.1        0.00       69.29      99.160      14.382      427.00      35.967      26.853      14.443        0.00 
     426)        426       0.034       -0.03M      177.0        0.00       69.24      99.150      14.373      428.00      35.966      26.855      14.434        0.00 
     427)        427       0.034       -0.04M      176.8        0.00       69.16      99.150      14.370      429.00      35.965      26.854      14.431        0.00 
     428)        428       0.034       -0.04M      176.9        0.00       69.19      99.150      14.353      430.00      35.962      26.856      14.414        0.00 
     429)        429       0.034       -0.03M      177.1        0.00       69.22      99.150      14.321      431.00      35.958      26.860      14.382        0.00 
     430)        430       0.034       -0.01M      177.0        0.00       69.17      99.150      14.313      432.00      35.957      26.861      14.374        0.00 
     431)        431       0.034       -0.00M      177.1        0.00       69.18      99.150      14.306      433.00      35.955      26.861      14.367        0.00 
     432)        432       0.033       -0.01M      177.4        0.00       69.26      99.170      14.284      434.00      35.951      26.862      14.345        0.00 
     433)        433       0.033       -0.02M      177.3        0.00       69.18      99.170      14.253      435.00      35.947      26.866      14.314        0.00 
     434)        434       0.033       -0.04M      177.2        0.00       69.10      99.170      14.225      436.00      35.943      26.869      14.286        0.00 
     435)        435       0.033       -0.03M      177.6        0.00       69.19      99.170      14.180      437.00      35.937      26.874      14.242        0.00 
     436)        436       0.034       -0.04M      177.1        0.00       68.99      99.150      14.160      438.00      35.934      26.876      14.222        0.00 
     437)        437       0.034       -0.03M      177.3        0.00       69.05      99.150      14.152      439.00      35.932      26.876      14.214        0.00 
     438)        438       0.034       -0.06M      177.5        0.00       69.10      99.160      14.147      440.00      35.932      26.877      14.209        0.00 
     439)        439       0.034       -0.03M      177.3        0.00       69.02      99.150      14.143      441.00      35.931      26.877      14.205        0.00 
     440)        440       0.034       -0.03M      177.3        0.00       69.02      99.150      14.139      442.00      35.931      26.878      14.201        0.00 
     441)        441       0.033       -0.01M      177.1        0.00       68.94      99.170      14.137      443.00      35.931      26.878      14.199        0.00 
     442)        442       0.033        0.01       176.9        0.00       68.84      99.180      14.119      444.00      35.928      26.880      14.181        0.00 
     443)        443       0.033        0.00       176.8        0.00       68.75      99.180      14.072      445.00      35.920      26.884      14.134        0.00 
     444)        444       0.033       -0.00M      176.8        0.00       68.67      99.180      14.031      446.00      35.915      26.889      14.093        0.00 
     445)        445       0.034        0.00       176.6        0.00       68.58      99.160      14.008      447.00      35.912      26.891      14.071        0.00 
     446)        446       0.033        0.00       176.5        0.00       68.52      99.170      13.991      448.00      35.909      26.892      14.054        0.00 
     447)        447       0.034       -0.01M      176.5        0.00       68.50      99.160      13.977      449.00      35.907      26.894      14.040        0.00 
     448)        448       0.034       -0.02M      176.7        0.00       68.53      99.160      13.957      450.00      35.904      26.896      14.020        0.00 
     449)        449       0.033       -0.02M      176.7        0.00       68.53      99.170      13.947      451.00      35.902      26.896      14.010        0.00 
     450)        450       0.033       -0.00M      176.5        0.00       68.44      99.180      13.937      452.00      35.901      26.898      14.000        0.00 
     451)        451       0.033       -0.01M      176.5        0.00       68.42      99.180      13.932      453.00      35.900      26.898      13.995        0.00 
     452)        452       0.033       -0.01M      176.3        0.00       68.32      99.180      13.916      454.00      35.898      26.900      13.979        0.00 
     453)        453       0.033        0.02       176.1        0.00       68.22      99.170      13.900      455.00      35.896      26.902      13.963        0.00 
     454)        454       0.033        0.01       176.2        0.00       68.22      99.170      13.884      456.00      35.893      26.902      13.948        0.00 
     455)        455       0.033        0.00       176.1        0.00       68.19      99.180      13.876      457.00      35.892      26.903      13.940        0.00 
     456)        456       0.034       -0.02M      176.1        0.00       68.13      99.160      13.837      458.00      35.887      26.908      13.901        0.00 
     457)        457       0.034       -0.03M      175.8        0.00       67.99      99.150      13.815      459.00      35.884      26.910      13.879        0.00 
     458)        458       0.033       -0.03M      175.6        0.00       67.85      99.170      13.785      460.00      35.879      26.913      13.849        0.00 
     459)        459       0.033       -0.05M      175.6        0.00       67.81      99.180      13.754      461.00      35.875      26.916      13.818        0.00 
     460)        460       0.033       -0.04M      175.5        0.00       67.77      99.180      13.740      462.00      35.873      26.917      13.804        0.00 
     461)        461       0.033       -0.05M      175.4        0.00       67.69      99.180      13.724      463.00      35.870      26.918      13.788        0.00 
     462)        462       0.033       -0.03M      175.2        0.00       67.60      99.180      13.712      464.00      35.868      26.919      13.776        0.00 
     463)        463       0.033       -0.02M      175.0        0.00       67.52      99.180      13.693      465.00      35.865      26.921      13.757        0.00 
     464)        464       0.033        0.01       174.9        0.00       67.38      99.180      13.649      466.00      35.859      26.926      13.713        0.00 
     465)        465       0.033        0.00       174.6        0.00       67.22      99.180      13.613      467.00      35.854      26.929      13.677        0.00 
     466)        466       0.032        0.01       174.1        0.00       66.98      99.190      13.575      468.00      35.848      26.933      13.639        0.00 
     467)        467       0.033        0.01       173.8        0.00       66.82      99.190      13.544      469.00      35.844      26.936      13.608        0.00 
     468)        468       0.032       -0.01M      173.8        0.00       66.80      99.200      13.525      470.00      35.841      26.938      13.589        0.00 
     469)        469       0.033       -0.00M      173.7        0.00       66.74      99.180      13.522      471.00      35.841      26.938      13.587        0.00 
     470)        470       0.033        0.00       173.1        0.00       66.52      99.190      13.511      472.00      35.839      26.939      13.576        0.00 
     471)        471       0.033        0.01       172.8        0.00       66.36      99.180      13.487      473.00      35.836      26.941      13.552        0.00 
     472)        472       0.033        0.01       172.5        0.00       66.19      99.180      13.447      474.00      35.831      26.946      13.512        0.00 
     473)        473       0.040       -0.01M      172.2        0.00       66.01      99.010      13.410      475.00      35.825      26.949      13.475        0.00 
     474)        474       0.036       -0.02M      172.2        0.00       65.93      99.100      13.355      476.00      35.818      26.955      13.420        0.00 
     475)        475       0.033       -0.02M      172.4        0.00       65.98      99.180      13.335      477.00      35.814      26.956      13.400        0.00 
     476)        476       0.033       -0.01M      172.7        0.00       66.08      99.190      13.300      478.00      35.809      26.959      13.365        0.00 
     477)        477       0.033       -0.01M      172.8        0.00       66.07      99.190      13.280      479.00      35.807      26.962      13.345        0.00 
     478)        478       0.033       -0.01M      172.9        0.00       66.10      99.180      13.263      480.00      35.804      26.963      13.328        0.00 
     479)        479       0.033       -0.02M      173.1        0.00       66.15      99.180      13.246      481.00      35.802      26.965      13.311        0.00 
     480)        480       0.033        0.01       172.8        0.00       66.02      99.180      13.236      482.00      35.801      26.966      13.301        0.00 
     481)        481       0.033        0.05       172.4        0.00       65.80      99.180      13.207      483.00      35.797      26.969      13.272        0.00 
     482)        482       0.033        0.07       171.9        0.00       65.60      99.180      13.182      484.00      35.794      26.972      13.247        0.00 
     483)        483       0.033        0.06       171.8        0.00       65.51      99.190      13.158      485.00      35.790      26.973      13.224        0.00 
     484)        484       0.033        0.05       171.7        0.00       65.43      99.180      13.125      486.00      35.786      26.977      13.191        0.00 
     485)        485       0.033        0.07       171.5        0.00       65.32      99.180      13.099      487.00      35.782      26.979      13.165        0.00 
     486)        486       0.032        0.07       171.2        0.00       65.18      99.200      13.078      488.00      35.779      26.981      13.144        0.00 
     487)        487       0.032        0.03       170.8        0.00       64.96      99.200      13.042      489.00      35.773      26.984      13.108        0.00 
     488)        488       0.032        0.04       170.3        0.00       64.70      99.200      12.984      490.00      35.765      26.989      13.050        0.00 
     489)        489       0.032        0.02       170.1        0.00       64.61      99.200      12.958      491.00      35.763      26.993      13.024        0.00 
     490)        490       0.032        0.01       170.2        0.00       64.64      99.190      12.954      492.00      35.762      26.993      13.020        0.00 
     491)        491       0.033        0.01       170.7        0.00       64.86      99.180      12.982      493.00      35.767      26.992      13.048        0.00 
     492)        492       0.033        0.01       170.6        0.00       64.94      99.190      13.064      494.00      35.776      26.982      13.131        0.00 
     493)        493       0.032       -0.00M      170.2        0.00       64.63      99.200      12.961      495.00      35.764      26.993      13.027        0.00 
     494)        494       0.032        0.01       170.3        0.00       64.66      99.210      12.939      496.00      35.761      26.996      13.005        0.00 
     495)        495       0.032        0.05       170.6        0.00       64.75      99.210      12.925      497.00      35.759      26.997      12.991        0.00 
     496)        496       0.032        0.04       171.0        0.00       64.86      99.190      12.911      498.00      35.758      26.999      12.978        0.00 
     497)        497       0.033        0.03       171.2        0.00       64.94      99.180      12.904      499.00      35.756      26.999      12.971        0.00 
     498)        498       0.032       -0.02M      171.2        0.00       64.98      99.200      12.934      500.00      35.760      26.996      13.001        0.00 