


BODC Request Format Std. V1.0           Headers=  38 Data Cycles=    501
Series=     1113470                     Produced: 21-Jan-2013
Id                         CTD051 Unit> British Oceanographic Data Centre Liver>
018d31.8mS025d6.1mW                     start:20121107143700 end:20121107153100
Dep: floor 5235.4 sensor    4.0   500.4 Nom. sample int.:    1.0 DB
   13 Parameters included:
Parameter f    P    Q Absent Data Value Minimum Value  Maximum Value       Units
ACYCAA01  Y   11   21             -1.00          1.00         501.00     Dmnless
Sequence number
ATTNDR01  Y   23   33             -1.00          0.03           0.08          /m
Attenuance (red light wavelength) per unit length of the water body by 25cm pat>
CPHLPS01  Y   35   45             -1.00         -0.06           0.82      mg/m^3
Concentration of chlorophyll-a {chl-a} per unit volume of the water body [parti>
DOXYSC01  Y   47   57             -1.00        159.07         226.04      umol/l
Concentration of oxygen {O2} per unit volume of the water body [dissolved phase>
DWIRPP01  Y   59   69             -1.00          0.00           3.83       W/m^2
Downwelling 2-pi scalar irradiance as energy (PAR wavelengths) in the water bod>
OXYSSC01  Y   71   81             -1.00         54.15         103.56           %
Saturation of oxygen {O2} in the water body [dissolved phase] by Sea-Bird SBE 4>
POPTDR01  Y   83   93             -1.00         98.13          99.24           %
Transmittance (red light wavelength) per 25cm of the water body by 25cm path le>
POTMCV01  Y   95  105             -9.00          8.13          24.07        degC
Potential temperature of the water body by computation using UNESCO 1983 algori>
PRESPR01  Y  107  117            -99.00          4.00         504.00        dbar
Pressure (spatial co-ordinate) exerted by the water body by profiling pressure >
PSALCC01  Y  119  129             -1.00         34.65          37.05     Dmnless
Practical salinity of the water body by CTD and computation using UNESCO 1983 a>
SIGTPR01  Y  131  141             -1.00         25.18          26.98      kg/m^3
Sigma-theta of the water body by CTD and computation from salinity and potentia>
TEMPST01  Y  143  153             -9.00          8.19          24.07        degC
Temperature of the water body by CTD or STD
UWIRPP01  Y  155  165             -1.00          0.00           0.20       W/m^2
Upwelling 2-pi scalar irradiance as energy (PAR wavelengths) in the water body >

Format Record
(10,1,%9d,1,1,%7.3f,1,1,%6.2f,1,1,%5.1f,1,1,%6.2f,1,1,%6.2f,1,1,%7.3f,1,1,%6.3f,
1,1,%8.2f,1,1,%6.3f,1,1,%6.3f,1,1,%6.3f,1,1,%6.2f,1,1)

          

  Cycle   ACYCAA01:1  ATTNDR01:1  CPHLPS01:1  DOXYSC01:1  DWIRPP01:1  OXYSSC01:1  POPTDR01:1  POTMCV01:1  PRESPR01:1  PSALCC01:1  SIGTPR01:1  TEMPST01:1  UWIRPP01:1  
Number              f           f           f           f           f           f           f           f           f           f           f           f           f 
       1)          1       0.067        0.04       219.1        3.83      103.05      98.330      24.045        4.00      37.055      25.186      24.040        0.20 
       2)          2       0.067        0.02       219.2        3.46      103.09      98.350      24.057        5.00      37.055      25.183      24.052        0.19 
       3)          3       0.066        0.03       218.7        3.09      102.92      98.370      24.075        6.00      37.054      25.177      24.070        0.18 
       4)          4       0.067        0.03       219.0        2.70      103.01      98.340      24.060        7.00      37.054      25.181      24.056        0.17 
       5)          5       0.067        0.04       218.9        2.55      102.95      98.330      24.051        8.00      37.055      25.184      24.047        0.17 
       6)          6       0.068        0.02       218.6        2.46      102.74      98.310      23.999        9.00      37.053      25.198      23.995        0.17 
       7)          7       0.071        0.02       219.5        2.27      102.99      98.250      23.906       10.00      37.054      25.227      23.902        0.17 
       8)          8       0.072        0.04       219.3        2.17      102.91      98.230      23.916       11.00      37.049      25.220      23.913        0.17 
       9)          9       0.071        0.02       219.2        2.09      102.72      98.240      23.836       12.00      37.049      25.244      23.833        0.17 
      10)         10       0.071        0.03       219.2        2.01      102.72      98.230      23.835       13.00      37.049      25.244      23.832        0.17 
      11)         11       0.071        0.02       219.0        1.87      102.64      98.230      23.841       14.00      37.051      25.244      23.838        0.16 
      12)         12       0.071        0.01       219.2        1.80      102.70      98.240      23.832       15.00      37.050      25.246      23.829        0.16 
      13)         13       0.071        0.02       219.3        1.75      102.75      98.240      23.824       16.00      37.050      25.248      23.822        0.16 
      14)         14       0.071        0.05       219.4        1.64      102.81      98.240      23.821       17.00      37.050      25.249      23.819        0.16 
      15)         15       0.071        0.03       219.5        1.59      102.83      98.240      23.817       18.00      37.049      25.250      23.815        0.15 
      16)         16       0.072        0.02       219.4        1.50      102.80      98.220      23.814       19.00      37.049      25.251      23.812        0.15 
      17)         17       0.071        0.03       219.6        1.44      102.89      98.240      23.812       20.00      37.048      25.250      23.811        0.15 
      18)         18       0.071        0.05       219.3        1.40      102.71      98.250      23.811       21.00      37.048      25.251      23.810        0.14 
      19)         19       0.071        0.05       219.1        1.37      102.61      98.250      23.808       22.00      37.048      25.252      23.807        0.14 
      20)         20       0.071        0.04       219.4        1.29      102.79      98.230      23.806       23.00      37.048      25.252      23.805        0.14 
      21)         21       0.072        0.05       219.3        1.23      102.70      98.220      23.808       24.00      37.048      25.252      23.807        0.14 
      22)         22       0.073        0.02       219.4        1.24      102.71      98.200      23.787       25.00      37.045      25.255      23.787        0.13 
      23)         23       0.071        0.02       220.1        1.18      102.92      98.230      23.722       26.00      37.034      25.266      23.722        0.13 
      24)         24       0.071        0.03       220.1        1.12      102.89      98.230      23.705       27.00      37.033      25.271      23.705        0.13 
      25)         25       0.071        0.02       219.8        1.12      102.63      98.240      23.636       28.00      37.021      25.282      23.636        0.13 
      26)         26       0.072        0.03       220.5        1.08      102.78      98.230      23.537       29.00      37.009      25.302      23.537        0.12 
      27)         27       0.073        0.02       220.9        1.06      102.99      98.200      23.550       30.00      37.012      25.301      23.551        0.12 
      28)         28       0.072        0.03       220.9        1.06      102.91      98.230      23.495       31.00      37.003      25.310      23.496        0.12 
      29)         29       0.072        0.04       221.9        1.01      103.05      98.230      23.339       32.00      36.988      25.345      23.340        0.11 
      30)         30       0.072        0.01       222.5        1.01      103.19      98.220      23.258       33.00      36.982      25.364      23.259        0.11 
      31)         31       0.072        0.00       222.8        0.98      103.20      98.210      23.180       34.00      36.971      25.378      23.181        0.11 
      32)         32       0.073        0.02       223.0        0.96      103.26      98.200      23.163       35.00      36.972      25.384      23.165        0.10 
      33)         33       0.072        0.03       222.4        0.96      102.99      98.200      23.161       36.00      36.970      25.383      23.163        0.10 
      34)         34       0.073        0.02       223.5        0.93      103.18      98.190      22.998       37.00      36.959      25.422      23.000        0.10 
      35)         35       0.073        0.03       223.8        0.89      103.28      98.200      22.969       38.00      36.958      25.430      22.971        0.10 
      36)         36       0.072        0.02       223.1        0.88      103.10      98.220      23.048       39.00      36.965      25.412      23.051        0.09 
      37)         37       0.072        0.03       223.1        0.86      103.00      98.210      22.997       40.00      36.960      25.423      23.000        0.09 
      38)         38       0.072        0.04       223.7        0.84      103.24      98.200      22.980       41.00      36.961      25.429      22.983        0.09 
      39)         39       0.073        0.04       224.1        0.82      103.35      98.200      22.942       42.00      36.956      25.436      22.945        0.09 
      40)         40       0.073        0.05       223.8        0.80      103.22      98.190      22.946       43.00      36.959      25.438      22.949        0.09 
      41)         41       0.074        0.03       223.3        0.79      102.95      98.180      22.919       44.00      36.957      25.444      22.923        0.08 
      42)         42       0.073        0.03       223.9        0.77      103.19      98.180      22.905       45.00      36.957      25.448      22.909        0.08 
      43)         43       0.074        0.05       223.9        0.75      103.20      98.160      22.898       46.00      36.957      25.450      22.902        0.08 
      44)         44       0.072        0.08       223.8        0.73      103.17      98.220      22.905       47.00      36.957      25.448      22.909        0.08 
      45)         45       0.073        0.08       223.8        0.72      103.12      98.190      22.878       48.00      36.956      25.455      22.882        0.08 
      46)         46       0.074        0.08       223.9        0.71      103.16      98.160      22.871       49.00      36.955      25.456      22.876        0.07 
      47)         47       0.075        0.07       224.1        0.69      103.21      98.130      22.867       50.00      36.955      25.457      22.872        0.07 
      48)         48       0.074        0.09       224.0        0.67      103.17      98.160      22.868       51.00      36.956      25.458      22.873        0.07 
      49)         49       0.074        0.08       223.6        0.67      103.01      98.160      22.866       52.00      36.955      25.458      22.871        0.07 
      50)         50       0.074        0.06       224.1        0.64      103.22      98.180      22.860       53.00      36.955      25.459      22.865        0.06 
      51)         51       0.073        0.08       224.0        0.62      103.18      98.190      22.857       54.00      36.956      25.461      22.863        0.06 
      52)         52       0.073        0.08       223.4        0.62      102.93      98.200      22.882       55.00      36.956      25.454      22.888        0.06 
      53)         53       0.073        0.10       223.6        0.60      103.00      98.200      22.857       56.00      36.955      25.460      22.863        0.06 
      54)         54       0.073        0.09       224.4        0.59      103.28      98.180      22.826       57.00      36.955      25.469      22.832        0.06 
      55)         55       0.074        0.10       223.9        0.58      103.12      98.170      22.860       58.00      36.956      25.460      22.866        0.06 
      56)         56       0.073        0.09       223.3        0.57      102.79      98.180      22.841       59.00      36.954      25.464      22.848        0.05 
      57)         57       0.075        0.09       224.3        0.55      103.20      98.140      22.795       60.00      36.952      25.476      22.802        0.05 
      58)         58       0.074        0.12       224.3        0.54      103.28      98.170      22.838       61.00      36.955      25.466      22.845        0.05 
      59)         59       0.074        0.09       224.2        0.53      103.10      98.160      22.768       62.00      36.950      25.482      22.775        0.05 
      60)         60       0.075        0.09       225.1        0.52      103.46      98.150      22.743       63.00      36.948      25.488      22.750        0.05 
      61)         61       0.075        0.09       225.4        0.50      103.54      98.150      22.719       64.00      36.945      25.492      22.727        0.05 
      62)         62       0.075        0.11       224.7        0.49      103.33      98.150      22.769       65.00      36.949      25.481      22.777        0.05 
      63)         63       0.075        0.10       225.0        0.48      103.32      98.140      22.680       66.00      36.937      25.498      22.688        0.05 
      64)         64       0.075        0.09       225.4        0.46      103.46      98.130      22.674       67.00      36.937      25.499      22.682        0.04 
      65)         65       0.075        0.09       225.3        0.45      103.56      98.140      22.751       68.00      36.946      25.484      22.759        0.04 
      66)         66       0.075        0.10       224.8        0.44      103.26      98.140      22.710       69.00      36.941      25.492      22.719        0.04 
      67)         67       0.074        0.13       225.3        0.42      103.38      98.180      22.655       70.00      36.939      25.506      22.664        0.04 
      68)         68       0.074        0.13       225.4        0.41      103.46      98.170      22.658       71.00      36.940      25.506      22.667        0.04 
      69)         69       0.073        0.10       225.2        0.40      103.42      98.180      22.684       72.00      36.942      25.500      22.693        0.04 
      70)         70       0.073        0.08       225.2        0.38      103.32      98.190      22.643       73.00      36.939      25.510      22.652        0.04 
      71)         71       0.074        0.07       225.1        0.38      103.30      98.180      22.655       74.00      36.940      25.507      22.665        0.03 
      72)         72       0.074        0.08       225.2        0.37      103.25      98.170      22.607       75.00      36.935      25.517      22.617        0.03 
      73)         73       0.074        0.10       225.2        0.35      103.28      98.170      22.608       76.00      36.936      25.518      22.618        0.03 
      74)         74       0.073        0.10       224.9        0.35      103.08      98.180      22.577       77.00      36.931      25.523      22.587        0.03 
      75)         75       0.073        0.10       225.3        0.34      103.20      98.200      22.554       78.00      36.929      25.528      22.564        0.03 
      76)         76       0.072        0.10       225.6        0.33      103.32      98.210      22.545       79.00      36.929      25.530      22.556        0.03 
      77)         77       0.072        0.12       225.0        0.32      103.09      98.200      22.564       80.00      36.931      25.526      22.575        0.03 
      78)         78       0.073        0.11       225.7        0.31      103.31      98.200      22.517       81.00      36.927      25.537      22.528        0.03 
      79)         79       0.072        0.14       225.5        0.30      103.24      98.200      22.527       82.00      36.929      25.536      22.538        0.03 
      80)         80       0.072        0.13       225.7        0.29      103.31      98.200      22.521       83.00      36.928      25.537      22.532        0.03 
      81)         81       0.073        0.15       225.3        0.28      103.13      98.200      22.504       84.00      36.929      25.542      22.516        0.02 
      82)         82       0.073        0.13       225.1        0.27      103.02      98.200      22.500       85.00      36.930      25.544      22.512        0.02 
      83)         83       0.072        0.15       225.4        0.26      103.16      98.210      22.494       86.00      36.930      25.546      22.506        0.02 
      84)         84       0.072        0.17       225.3        0.26      103.14      98.210      22.506       87.00      36.929      25.542      22.518        0.02 
      85)         85       0.073        0.16       225.5        0.25      103.11      98.200      22.445       88.00      36.923      25.555      22.457        0.02 
      86)         86       0.073        0.18       225.6        0.24      103.16      98.190      22.445       89.00      36.923      25.554      22.458        0.02 
      87)         87       0.072        0.17       225.3        0.23      103.06      98.220      22.478       90.00      36.926      25.547      22.491        0.02 
      88)         88       0.072        0.20       225.6        0.23      103.14      98.230      22.437       91.00      36.923      25.557      22.450        0.02 
      89)         89       0.072        0.20       225.3        0.22      102.96      98.220      22.425       92.00      36.920      25.558      22.438        0.02 
      90)         90       0.071        0.21       225.4        0.21      102.89      98.240      22.350       93.00      36.912      25.574      22.363        0.02 
      91)         91       0.072        0.20       226.0        0.20      103.15      98.220      22.347       94.00      36.913      25.575      22.361        0.02 
      92)         92       0.072        0.22       226.0        0.20      103.18      98.220      22.349       95.00      36.913      25.574      22.363        0.02 
      93)         93       0.071        0.24       225.5        0.19      102.88      98.240      22.321       96.00      36.909      25.579      22.335        0.01 
      94)         94       0.071        0.22       225.8        0.19      102.97      98.250      22.309       97.00      36.909      25.583      22.323        0.01 
      95)         95       0.070        0.21       225.7        0.18      102.98      98.270      22.324       98.00      36.913      25.582      22.338        0.01 
      96)         96       0.070        0.19       225.2        0.17      102.75      98.250      22.320       99.00      36.914      25.583      22.335        0.01 
      97)         97       0.071        0.24       225.2        0.17      102.73      98.240      22.307      100.00      36.918      25.590      22.322        0.01 
      98)         98       0.069        0.23       225.3        0.16      102.76      98.280      22.313      101.00      36.917      25.588      22.328        0.01 
      99)         99       0.069        0.21       225.5        0.16      102.87      98.280      22.321      102.00      36.917      25.586      22.336        0.01 
     100)        100       0.068        0.25       224.9        0.15      102.58      98.320      22.297      103.00      36.918      25.593      22.312        0.01 
     101)        101       0.068        0.25       224.8        0.15      102.49      98.310      22.283      104.00      36.918      25.597      22.299        0.01 
     102)        102       0.068        0.25       224.6        0.14      102.40      98.310      22.269      105.00      36.919      25.602      22.285        0.01 
     103)        103       0.068        0.26       224.2        0.14      102.19      98.320      22.270      106.00      36.922      25.604      22.286        0.01 
     104)        104       0.068        0.27       224.4        0.13      102.28      98.320      22.272      107.00      36.922      25.603      22.288        0.01 
     105)        105       0.068        0.29       224.1        0.13      102.17      98.300      22.272      108.00      36.922      25.603      22.288        0.01 
     106)        106       0.067        0.29       224.0        0.12      102.10      98.330      22.267      109.00      36.924      25.606      22.284        0.01 
     107)        107       0.068        0.30       224.3        0.12      102.23      98.320      22.267      110.00      36.924      25.606      22.284        0.01 
     108)        108       0.067        0.31       224.0        0.12      102.12      98.330      22.266      111.00      36.924      25.606      22.283        0.01 
     109)        109       0.067        0.28       223.9        0.11      102.07      98.340      22.265      112.00      36.923      25.606      22.282        0.01 
     110)        110       0.067        0.25       223.9        0.11      102.04      98.350      22.263      113.00      36.923      25.607      22.280        0.01 
     111)        111       0.066        0.29       223.9        0.10      102.02      98.360      22.248      114.00      36.919      25.608      22.266        0.01 
     112)        112       0.067        0.30       223.7        0.10      101.90      98.340      22.224      115.00      36.913      25.610      22.242        0.01 
     113)        113       0.066        0.30       223.6        0.09      101.80      98.360      22.203      116.00      36.908      25.612      22.221        0.01 
     114)        114       0.066        0.29       223.7        0.09      101.81      98.360      22.185      117.00      36.903      25.614      22.203        0.01 
     115)        115       0.066        0.31       224.0        0.09      101.95      98.370      22.193      118.00      36.906      25.614      22.211        0.01 
     116)        116       0.066        0.31       223.6        0.09      101.81      98.370      22.195      119.00      36.906      25.613      22.214        0.01 
     117)        117       0.066        0.31       223.2        0.08      101.49      98.370      22.146      120.00      36.895      25.618      22.165        0.00 
     118)        118       0.066        0.32       223.2        0.08      101.49      98.370      22.131      121.00      36.892      25.621      22.150        0.00 
     119)        119       0.066        0.32       223.6        0.08      101.70      98.360      22.154      122.00      36.897      25.618      22.173        0.00 
     120)        120       0.065        0.33       222.5        0.07      101.17      98.380      22.128      123.00      36.892      25.621      22.147        0.00 
     121)        121       0.065        0.34       222.5        0.07      101.15      98.390      22.126      124.00      36.893      25.623      22.146        0.00 
     122)        122       0.065        0.35       222.8        0.07      101.28      98.390      22.127      125.00      36.894      25.623      22.147        0.00 
     123)        123       0.065        0.37       222.3        0.06      101.09      98.390      22.128      126.00      36.899      25.627      22.148        0.00 
     124)        124       0.065        0.35       221.9        0.06      100.90      98.390      22.128      127.00      36.900      25.628      22.148        0.00 
     125)        125       0.065        0.35       222.0        0.06      100.96      98.380      22.126      128.00      36.900      25.628      22.146        0.00 
     126)        126       0.065        0.37       221.3        0.06      100.62      98.390      22.117      129.00      36.899      25.630      22.138        0.00 
     127)        127       0.065        0.40       221.7        0.06      100.77      98.390      22.117      130.00      36.902      25.632      22.138        0.00 
     128)        128       0.065        0.43       220.9        0.05      100.45      98.400      22.120      131.00      36.903      25.632      22.141        0.00 
     129)        129       0.064        0.40       220.8        0.05      100.41      98.400      22.124      132.00      36.907      25.634      22.145        0.00 
     130)        130       0.064        0.43       220.9        0.05      100.41      98.410      22.111      133.00      36.905      25.636      22.132        0.00 
     131)        131       0.064        0.42       220.9        0.05      100.39      98.410      22.088      134.00      36.901      25.639      22.110        0.00 
     132)        132       0.064        0.41       220.9        0.05      100.40      98.420      22.091      135.00      36.904      25.641      22.113        0.00 
     133)        133       0.063        0.45       220.4        0.05      100.15      98.440      22.089      136.00      36.903      25.641      22.111        0.00 
     134)        134       0.063        0.45       220.6        0.04      100.21      98.440      22.084      137.00      36.902      25.642      22.106        0.00 
     135)        135       0.063        0.45       220.2        0.04      100.04      98.440      22.076      138.00      36.901      25.643      22.098        0.00 
     136)        136       0.063        0.46       220.2        0.04      100.03      98.440      22.070      139.00      36.901      25.645      22.093        0.00 
     137)        137       0.063        0.48       220.4        0.04      100.11      98.430      22.076      140.00      36.901      25.643      22.099        0.00 
     138)        138       0.062        0.53       219.7        0.04       99.81      98.460      22.080      141.00      36.901      25.642      22.103        0.00 
     139)        139       0.062        0.57       219.2        0.04       99.49      98.460      22.037      142.00      36.892      25.647      22.060        0.00 
     140)        140       0.062        0.61       218.8        0.03       99.29      98.460      22.024      143.00      36.889      25.649      22.047        0.00 
     141)        141       0.062        0.65       219.0        0.03       99.36      98.460      22.003      144.00      36.882      25.649      22.026        0.00 
     142)        142       0.062        0.69       219.4        0.03       99.54      98.450      22.017      145.00      36.888      25.650      22.041        0.00 
     143)        143       0.063        0.68       219.3        0.03       99.53      98.450      22.035      146.00      36.889      25.645      22.059        0.00 
     144)        144       0.062        0.71       218.2        0.03       98.89      98.450      21.941      147.00      36.865      25.654      21.965        0.00 
     145)        145       0.063        0.74       218.1        0.03       98.80      98.430      21.937      148.00      36.864      25.654      21.961        0.00 
     146)        146       0.063        0.76       217.8        0.03       98.67      98.430      21.937      149.00      36.864      25.654      21.961        0.00 
     147)        147       0.063        0.77       217.7        0.02       98.62      98.450      21.933      150.00      36.863      25.654      21.958        0.00 
     148)        148       0.062        0.82       218.1        0.02       98.88      98.460      21.959      151.00      36.870      25.652      21.984        0.00 
     149)        149       0.062        0.80       217.6        0.02       98.60      98.460      21.934      152.00      36.863      25.654      21.959        0.00 
     150)        150       0.062        0.81       217.4        0.02       98.49      98.460      21.933      153.00      36.863      25.655      21.958        0.00 
     151)        151       0.062        0.81       217.2        0.02       98.42      98.460      21.934      154.00      36.863      25.654      21.959        0.00 
     152)        152       0.062        0.80       217.4        0.02       98.51      98.460      21.933      155.00      36.863      25.654      21.959        0.00 
     153)        153       0.062        0.80       217.5        0.02       98.54      98.470      21.938      156.00      36.864      25.654      21.964        0.00 
     154)        154       0.061        0.76       217.6        0.02       98.60      98.480      21.937      157.00      36.864      25.654      21.963        0.00 
     155)        155       0.061        0.72       217.4        0.02       98.51      98.480      21.933      158.00      36.863      25.655      21.959        0.00 
     156)        156       0.061        0.69       217.6        0.02       98.58      98.480      21.936      159.00      36.864      25.655      21.962        0.00 
     157)        157       0.061        0.71       217.7        0.01       98.63      98.480      21.936      160.00      36.865      25.655      21.963        0.00 
     158)        158       0.060        0.72       217.3        0.01       98.47      98.500      21.936      161.00      36.865      25.655      21.963        0.00 
     159)        159       0.060        0.72       217.4        0.01       98.50      98.520      21.937      162.00      36.865      25.655      21.964        0.00 
     160)        160       0.060        0.71       217.3        0.01       98.45      98.500      21.937      163.00      36.865      25.655      21.964        0.00 
     161)        161       0.060        0.69       216.7        0.01       98.19      98.510      21.937      164.00      36.865      25.655      21.964        0.00 
     162)        162       0.060        0.71       216.8        0.01       98.23      98.510      21.936      165.00      36.865      25.655      21.964        0.00 
     163)        163       0.060        0.72       217.1        0.01       98.39      98.500      21.936      166.00      36.865      25.655      21.964        0.00 
     164)        164       0.059        0.70       217.1        0.01       98.37      98.530      21.937      167.00      36.865      25.655      21.965        0.00 
     165)        165       0.059        0.68       217.0        0.01       98.35      98.540      21.938      168.00      36.865      25.655      21.966        0.00 
     166)        166       0.060        0.69       215.7        0.01       97.76      98.530      21.937      169.00      36.865      25.655      21.965        0.00 
     167)        167       0.059        0.68       215.2        0.01       97.12      98.550      21.733      170.00      36.817      25.676      21.761        0.00 
     168)        168       0.056        0.64       215.4        0.01       96.94      98.600      21.577      171.00      36.782      25.693      21.606        0.00 
     169)        169       0.056        0.61       216.2        0.01       97.24      98.610      21.550      172.00      36.779      25.698      21.579        0.00 
     170)        170       0.056        0.54       215.5        0.01       97.53      98.620      21.861      173.00      36.849      25.664      21.890        0.00 
     171)        171       0.055        0.50       211.7        0.01       94.68      98.640      21.245      174.00      36.702      25.724      21.274        0.00 
     172)        172       0.055        0.46       212.2        0.01       94.25      98.640      20.896      175.00      36.639      25.772      20.925        0.00 
     173)        173       0.054        0.45       212.2        0.01       94.09      98.650      20.794      176.00      36.616      25.782      20.823        0.00 
     174)        174       0.054        0.45       212.7        0.01       94.07      98.660      20.679      177.00      36.591      25.795      20.708        0.00 
     175)        175       0.054        0.45       214.0        0.01       95.33      98.660      21.039      178.00      36.672      25.758      21.068        0.00 
     176)        176       0.055        0.46       210.4        0.01       93.65      98.630      20.987      179.00      36.658      25.762      21.017        0.00 
     177)        177       0.054        0.44       209.9        0.01       92.53      98.660      20.508      180.00      36.552      25.811      20.537        0.00 
     178)        178       0.054        0.43       210.1        0.01       92.21      98.660      20.286      181.00      36.498      25.830      20.315        0.00 
     179)        179       0.054        0.43       211.5        0.01       92.49      98.660      20.103      182.00      36.453      25.845      20.132        0.00 
     180)        180       0.053        0.41       212.8        0.01       93.57      98.680      20.364      183.00      36.527      25.831      20.394        0.00 
     181)        181       0.054        0.42       209.7        0.01       92.20      98.660      20.375      184.00      36.508      25.814      20.405        0.00 
     182)        182       0.053        0.39       210.0        0.00       91.39      98.680      19.836      185.00      36.434      25.901      19.866        0.00 
     183)        183       0.053        0.37       208.1        0.00       90.13      98.690      19.597      186.00      36.348      25.898      19.626        0.00 
     184)        184       0.053        0.38       209.0        0.00       89.90      98.690      19.243      187.00      36.278      25.937      19.272        0.00 
     185)        185       0.052        0.39       208.8        0.00       89.67      98.710      19.165      188.00      36.257      25.941      19.194        0.00 
     186)        186       0.052        0.40       209.0        0.00       89.57      98.710      19.068      189.00      36.241      25.954      19.098        0.00 
     187)        187       0.052        0.36       208.4        0.00       89.05      98.720      18.912      190.00      36.210      25.970      18.942        0.00 
     188)        188       0.052        0.34       208.4        0.00       88.84      98.720      18.782      191.00      36.190      25.988      18.812        0.00 
     189)        189       0.052        0.34       208.1        0.00       88.70      98.720      18.769      192.00      36.187      25.989      18.799        0.00 
     190)        190       0.052        0.32       208.0        0.00       88.60      98.710      18.735      193.00      36.179      25.992      18.765        0.00 
     191)        191       0.051        0.35       207.9        0.00       88.39      98.740      18.654      194.00      36.160      25.998      18.684        0.00 
     192)        192       0.051        0.34       208.4        0.00       88.63      98.740      18.674      195.00      36.168      25.999      18.704        0.00 
     193)        193       0.051        0.32       207.6        0.00       88.17      98.730      18.612      196.00      36.151      26.002      18.642        0.00 
     194)        194       0.051        0.32       207.5        0.00       88.02      98.740      18.546      197.00      36.136      26.007      18.576        0.00 
     195)        195       0.050        0.32       207.7        0.00       88.05      98.760      18.509      198.00      36.127      26.009      18.540        0.00 
     196)        196       0.050        0.28       207.3        0.00       87.80      98.760      18.468      199.00      36.117      26.011      18.499        0.00 
     197)        197       0.049        0.24       206.8        0.00       87.35      98.780      18.331      200.00      36.086      26.022      18.362        0.00 
     198)        198       0.049        0.20       207.0        0.00       87.18      98.790      18.181      201.00      36.058      26.038      18.212        0.00 
     199)        199       0.048        0.17       206.8        0.00       86.89      98.810      18.062      202.00      36.035      26.050      18.093        0.00 
     200)        200       0.048        0.20       206.5        0.00       86.68      98.810      18.000      203.00      36.020      26.054      18.031        0.00 
     201)        201       0.047        0.22       206.8        0.00       86.68      98.820      17.943      204.00      36.007      26.058      17.974        0.00 
     202)        202       0.047        0.22       206.6        0.00       86.55      98.820      17.915      205.00      36.000      26.060      17.946        0.00 
     203)        203       0.047        0.21       206.2        0.00       86.30      98.820      17.863      206.00      35.988      26.064      17.894        0.00 
     204)        204       0.047        0.20       206.4        0.00       86.27      98.820      17.790      207.00      35.974      26.071      17.821        0.00 
     205)        205       0.047        0.18       206.6        0.00       86.32      98.840      17.771      208.00      35.971      26.073      17.802        0.00 
     206)        206       0.047        0.17       206.1        0.00       86.03      98.840      17.744      209.00      35.964      26.075      17.776        0.00 
     207)        207       0.046        0.19       205.6        0.00       85.68      98.840      17.643      210.00      35.942      26.082      17.675        0.00 
     208)        208       0.045        0.16       205.2        0.00       85.28      98.870      17.517      211.00      35.914      26.092      17.549        0.00 
     209)        209       0.045        0.16       205.6        0.00       85.25      98.870      17.398      212.00      35.892      26.104      17.430        0.00 
     210)        210       0.045        0.16       205.4        0.00       85.12      98.870      17.380      213.00      35.887      26.104      17.412        0.00 
     211)        211       0.045        0.14       205.3        0.00       84.97      98.870      17.319      214.00      35.874      26.109      17.351        0.00 
     212)        212       0.045        0.12       205.2        0.00       84.90      98.880      17.288      215.00      35.869      26.113      17.320        0.00 
     213)        213       0.045        0.14       205.0        0.00       84.74      98.900      17.263      216.00      35.865      26.116      17.295        0.00 
     214)        214       0.045        0.15       204.6        0.00       84.53      98.900      17.235      217.00      35.859      26.118      17.267        0.00 
     215)        215       0.044        0.13       204.4        0.00       84.23      98.910      17.093      218.00      35.831      26.131      17.125        0.00 
     216)        216       0.043        0.15       204.2        0.00       83.89      98.920      16.937      219.00      35.803      26.147      16.969        0.00 
     217)        217       0.043        0.16       204.2        0.00       83.74      98.920      16.864      220.00      35.791      26.155      16.896        0.00 
     218)        218       0.043        0.15       204.2        0.00       83.68      98.920      16.815      221.00      35.782      26.160      16.847        0.00 
     219)        219       0.043        0.12       204.3        0.00       83.59      98.920      16.751      222.00      35.771      26.166      16.784        0.00 
     220)        220       0.043        0.11       204.1        0.00       83.45      98.920      16.716      223.00      35.763      26.168      16.749        0.00 
     221)        221       0.043        0.09       203.7        0.00       83.19      98.930      16.653      224.00      35.752      26.175      16.686        0.00 
     222)        222       0.043        0.10       203.7        0.00       83.07      98.940      16.580      225.00      35.738      26.181      16.613        0.00 
     223)        223       0.042        0.12       203.9        0.00       83.05      98.950      16.516      226.00      35.728      26.189      16.549        0.00 
     224)        224       0.042        0.11       204.0        0.00       82.99      98.950      16.467      227.00      35.720      26.194      16.500        0.00 
     225)        225       0.042        0.10       204.0        0.00       82.99      98.960      16.453      228.00      35.717      26.195      16.486        0.00 
     226)        226       0.041        0.10       203.7        0.00       82.83      98.970      16.428      229.00      35.712      26.197      16.461        0.00 
     227)        227       0.041        0.11       203.1        0.00       82.51      98.970      16.402      230.00      35.706      26.199      16.435        0.00 
     228)        228       0.042        0.10       203.0        0.00       82.35      98.950      16.320      231.00      35.693      26.208      16.353        0.00 
     229)        229       0.041        0.08       203.0        0.00       82.28      98.970      16.290      232.00      35.688      26.211      16.324        0.00 
     230)        230       0.042        0.08       202.6        0.00       82.14      98.960      16.284      233.00      35.687      26.211      16.318        0.00 
     231)        231       0.041        0.07       202.1        0.00       81.90      98.970      16.269      234.00      35.684      26.213      16.303        0.00 
     232)        232       0.041        0.07       201.4        0.00       81.43      98.970      16.153      235.00      35.664      26.224      16.187        0.00 
     233)        233       0.041        0.03       201.2        0.00       81.24      98.990      16.084      236.00      35.654      26.232      16.118        0.00 
     234)        234       0.040        0.02       201.1        0.00       81.18      99.000      16.075      237.00      35.652      26.233      16.109        0.00 
     235)        235       0.040        0.01       201.2        0.00       81.20      99.000      16.061      238.00      35.648      26.233      16.095        0.00 
     236)        236       0.040        0.01       201.3        0.00       81.20      99.000      16.049      239.00      35.646      26.234      16.083        0.00 
     237)        237       0.040        0.00       201.1        0.00       81.09      98.990      16.039      240.00      35.644      26.235      16.073        0.00 
     238)        238       0.040        0.00       200.1        0.00       80.64      99.000      15.991      241.00      35.635      26.239      16.026        0.00 
     239)        239       0.040        0.01       200.1        0.00       80.48      99.000      15.894      242.00      35.620      26.250      15.929        0.00 
     240)        240       0.040       -0.00M      200.5        0.00       80.55      99.000      15.845      243.00      35.612      26.255      15.880        0.00 
     241)        241       0.040       -0.00M      200.7        0.00       80.58      99.020      15.828      244.00      35.609      26.256      15.863        0.00 
     242)        242       0.040        0.02       200.4        0.00       80.47      98.990      15.821      245.00      35.607      26.257      15.856        0.00 
     243)        243       0.040        0.03       200.3        0.00       80.35      99.020      15.768      246.00      35.597      26.261      15.803        0.00 
     244)        244       0.040        0.01       200.4        0.00       80.32      99.010      15.726      247.00      35.591      26.266      15.761        0.00 
     245)        245       0.039        0.03       201.0        0.00       80.48      99.030      15.698      248.00      35.586      26.268      15.733        0.00 
     246)        246       0.039        0.07       201.0        0.00       80.47      99.030      15.693      249.00      35.585      26.269      15.728        0.00 
     247)        247       0.039        0.08       201.1        0.00       80.49      99.030      15.680      250.00      35.584      26.271      15.716        0.00 
     248)        248       0.039        0.06       200.5        0.00       80.17      99.020      15.625      251.00      35.573      26.275      15.661        0.00 
     249)        249       0.039        0.06       199.8        0.00       79.62      99.030      15.443      252.00      35.544      26.294      15.479        0.00 
     250)        250       0.038        0.05       199.6        0.00       79.33      99.040      15.326      253.00      35.527      26.307      15.361        0.00 
     251)        251       0.038        0.03       198.8        0.00       78.98      99.050      15.300      254.00      35.521      26.308      15.336        0.00 
     252)        252       0.038       -0.00M      199.2        0.00       78.88      99.050      15.157      255.00      35.499      26.323      15.193        0.00 
     253)        253       0.038       -0.03M      199.2        0.00       78.85      99.060      15.137      256.00      35.497      26.326      15.173        0.00 
     254)        254       0.038       -0.01M      199.0        0.00       78.78      99.060      15.131      257.00      35.495      26.326      15.167        0.00 
     255)        255       0.039       -0.00M      198.9        0.00       78.69      99.040      15.108      258.00      35.489      26.326      15.144        0.00 
     256)        256       0.037       -0.01M      198.5        0.00       78.45      99.070      15.068      259.00      35.482      26.329      15.104        0.00 
     257)        257       0.038       -0.02M      198.5        0.00       78.35      99.060      14.982      260.00      35.469      26.338      15.018        0.00 
     258)        258       0.038       -0.04M      198.7        0.00       78.32      99.070      14.926      261.00      35.461      26.345      14.962        0.00 
     259)        259       0.037       -0.04M      198.4        0.00       78.13      99.080      14.892      262.00      35.456      26.348      14.928        0.00 
     260)        260       0.037       -0.04M      198.3        0.00       78.05      99.080      14.870      263.00      35.452      26.350      14.906        0.00 
     261)        261       0.037       -0.04M      198.5        0.00       78.13      99.080      14.849      264.00      35.448      26.352      14.885        0.00 
     262)        262       0.037       -0.05M      199.0        0.00       78.28      99.080      14.831      265.00      35.445      26.353      14.868        0.00 
     263)        263       0.037       -0.06M      198.5        0.00       78.16      99.080      14.863      266.00      35.452      26.351      14.900        0.00 
     264)        264       0.037       -0.04M      198.1        0.00       77.82      99.080      14.770      267.00      35.434      26.358      14.807        0.00 
     265)        265       0.037       -0.04M      197.5        0.00       77.47      99.080      14.683      268.00      35.423      26.368      14.720        0.00 
     266)        266       0.037       -0.03M      197.4        0.00       77.29      99.090      14.597      269.00      35.411      26.378      14.634        0.00 
     267)        267       0.037       -0.05M      197.5        0.00       77.23      99.090      14.548      270.00      35.405      26.384      14.585        0.00 
     268)        268       0.037       -0.05M      197.3        0.00       77.13      99.080      14.529      271.00      35.401      26.385      14.566        0.00 
     269)        269       0.037       -0.06M      197.4        0.00       77.13      99.090      14.496      272.00      35.395      26.387      14.533        0.00 
     270)        270       0.037       -0.05M      197.5        0.00       77.14      99.080      14.480      273.00      35.393      26.389      14.517        0.00 
     271)        271       0.036       -0.04M      197.2        0.00       76.98      99.100      14.447      274.00      35.388      26.393      14.484        0.00 
     272)        272       0.036       -0.05M      197.1        0.00       76.83      99.100      14.402      275.00      35.380      26.396      14.439        0.00 
     273)        273       0.036       -0.04M      197.1        0.00       76.79      99.100      14.379      276.00      35.376      26.398      14.416        0.00 
     274)        274       0.036       -0.05M      197.0        0.00       76.73      99.100      14.362      277.00      35.373      26.399      14.400        0.00 
     275)        275       0.036       -0.04M      196.6        0.00       76.53      99.100      14.331      278.00      35.369      26.403      14.369        0.00 
     276)        276       0.036       -0.06M      196.1        0.00       76.30      99.100      14.305      279.00      35.365      26.405      14.343        0.00 
     277)        277       0.037       -0.06M      196.1        0.00       76.18      99.090      14.231      280.00      35.353      26.412      14.269        0.00 
     278)        278       0.036       -0.05M      196.0        0.00       76.03      99.090      14.162      281.00      35.345      26.420      14.200        0.00 
     279)        279       0.036       -0.05M      195.9        0.00       75.95      99.100      14.135      282.00      35.340      26.422      14.173        0.00 
     280)        280       0.036       -0.04M      195.3        0.00       75.65      99.100      14.095      283.00      35.335      26.427      14.133        0.00 
     281)        281       0.036       -0.05M      195.1        0.00       75.50      99.100      14.049      284.00      35.328      26.431      14.087        0.00 
     282)        282       0.036       -0.06M      195.0        0.00       75.39      99.100      14.007      285.00      35.321      26.435      14.045        0.00 
     283)        283       0.036       -0.06M      194.9        0.00       75.30      99.100      13.958      286.00      35.313      26.439      13.996        0.00 
     284)        284       0.036       -0.06M      194.8        0.00       75.18      99.110      13.907      287.00      35.307      26.445      13.945        0.00 
     285)        285       0.036       -0.04M      194.7        0.00       75.10      99.100      13.884      288.00      35.304      26.447      13.922        0.00 
     286)        286       0.036       -0.04M      194.7        0.00       75.07      99.100      13.873      289.00      35.302      26.448      13.912        0.00 
     287)        287       0.036       -0.05M      194.4        0.00       74.90      99.110      13.848      290.00      35.298      26.450      13.887        0.00 
     288)        288       0.036       -0.03M      194.1        0.00       74.73      99.100      13.813      291.00      35.293      26.454      13.852        0.00 
     289)        289       0.036        0.00       194.0        0.00       74.64      99.100      13.767      292.00      35.287      26.459      13.806        0.00 
     290)        290       0.036       -0.00M      193.7        0.00       74.44      99.110      13.720      293.00      35.280      26.463      13.759        0.00 
     291)        291       0.036       -0.05M      193.6        0.00       74.31      99.120      13.663      294.00      35.272      26.469      13.702        0.00 
     292)        292       0.036       -0.06M      193.7        0.00       74.32      99.110      13.632      295.00      35.268      26.472      13.671        0.00 
     293)        293       0.036       -0.06M      193.8        0.00       74.31      99.120      13.614      296.00      35.265      26.474      13.653        0.00 
     294)        294       0.036       -0.04M      193.7        0.00       74.25      99.120      13.600      297.00      35.263      26.475      13.639        0.00 
     295)        295       0.035       -0.05M      193.4        0.00       74.12      99.130      13.586      298.00      35.261      26.476      13.625        0.00 
     296)        296       0.035       -0.05M      192.8        0.00       73.81      99.130      13.540      299.00      35.254      26.480      13.579        0.00 
     297)        297       0.035       -0.05M      192.4        0.00       73.56      99.130      13.479      300.00      35.246      26.487      13.518        0.00 
     298)        298       0.035       -0.04M      192.0        0.00       73.38      99.130      13.453      301.00      35.242      26.489      13.492        0.00 
     299)        299       0.035       -0.03M      192.0        0.00       73.25      99.130      13.372      302.00      35.231      26.497      13.411        0.00 
     300)        300       0.035       -0.03M      191.8        0.00       73.09      99.130      13.327      303.00      35.225      26.502      13.367        0.00 
     301)        301       0.035       -0.01M      191.9        0.00       73.11      99.120      13.316      304.00      35.223      26.502      13.356        0.00 
     302)        302       0.035       -0.03M      191.9        0.00       73.12      99.130      13.313      305.00      35.223      26.503      13.353        0.00 
     303)        303       0.035       -0.02M      191.8        0.00       73.08      99.130      13.309      306.00      35.222      26.503      13.349        0.00 
     304)        304       0.035       -0.02M      191.5        0.00       72.94      99.130      13.291      307.00      35.220      26.505      13.331        0.00 
     305)        305       0.035       -0.05M      191.4        0.00       72.85      99.130      13.257      308.00      35.215      26.508      13.297        0.00 
     306)        306       0.035       -0.04M      191.3        0.00       72.74      99.120      13.206      309.00      35.208      26.513      13.246        0.00 
     307)        307       0.035       -0.05M      191.2        0.00       72.62      99.130      13.168      310.00      35.203      26.517      13.208        0.00 
     308)        308       0.035       -0.06M      191.0        0.00       72.47      99.130      13.120      311.00      35.196      26.521      13.160        0.00 
     309)        309       0.035       -0.06M      191.0        0.00       72.40      99.130      13.058      312.00      35.188      26.528      13.098        0.00 
     310)        310       0.034       -0.06M      191.0        0.00       72.35      99.150      13.039      313.00      35.187      26.531      13.079        0.00 
     311)        311       0.035       -0.05M      190.9        0.00       72.31      99.140      13.035      314.00      35.186      26.531      13.075        0.00 
     312)        312       0.035       -0.03M      190.9        0.00       72.30      99.140      13.031      315.00      35.186      26.532      13.072        0.00 
     313)        313       0.035       -0.00M      190.8        0.00       72.28      99.130      13.028      316.00      35.186      26.532      13.069        0.00 
     314)        314       0.035       -0.02M      190.7        0.00       72.20      99.130      13.025      317.00      35.185      26.532      13.066        0.00 
     315)        315       0.035       -0.00M      190.7        0.00       72.18      99.130      13.000      318.00      35.181      26.534      13.041        0.00 
     316)        316       0.034       -0.01M      190.6        0.00       72.12      99.140      12.985      319.00      35.180      26.536      13.026        0.00 
     317)        317       0.035        0.02       190.7        0.00       72.15      99.130      12.979      320.00      35.179      26.537      13.020        0.00 
     318)        318       0.034        0.02       190.7        0.00       72.18      99.140      12.985      321.00      35.180      26.536      13.026        0.00 
     319)        319       0.034        0.02       190.5        0.00       72.06      99.150      12.979      322.00      35.179      26.537      13.021        0.00 
     320)        320       0.034        0.05       190.2        0.00       71.93      99.140      12.956      323.00      35.175      26.538      12.998        0.00 
     321)        321       0.034        0.04       190.3        0.00       71.90      99.140      12.912      324.00      35.169      26.542      12.954        0.00 
     322)        322       0.034        0.03       190.3        0.00       71.87      99.140      12.890      325.00      35.166      26.544      12.932        0.00 
     323)        323       0.034        0.02       190.0        0.00       71.69      99.140      12.847      326.00      35.159      26.548      12.889        0.00 
     324)        324       0.034        0.00       189.9        0.00       71.56      99.150      12.784      327.00      35.151      26.554      12.826        0.00 
     325)        325       0.034        0.00       190.1        0.00       71.52      99.150      12.711      328.00      35.141      26.561      12.753        0.00 
     326)        326       0.034       -0.01M      189.8        0.00       71.36      99.150      12.679      329.00      35.137      26.564      12.721        0.00 
     327)        327       0.034       -0.01M      189.6        0.00       71.24      99.150      12.657      330.00      35.134      26.566      12.699        0.00 
     328)        328       0.034        0.01       189.6        0.00       71.23      99.150      12.639      331.00      35.131      26.567      12.681        0.00 
     329)        329       0.034       -0.00M      189.9        0.00       71.29      99.140      12.623      332.00      35.129      26.569      12.665        0.00 
     330)        330       0.034       -0.02M      190.0        0.00       71.33      99.140      12.614      333.00      35.128      26.570      12.656        0.00 
     331)        331       0.035       -0.03M      189.9        0.00       71.27      99.140      12.606      334.00      35.127      26.571      12.648        0.00 
     332)        332       0.034       -0.01M      189.4        0.00       71.09      99.150      12.594      335.00      35.126      26.572      12.636        0.00 
     333)        333       0.034       -0.01M      189.3        0.00       70.98      99.150      12.561      336.00      35.122      26.576      12.604        0.00 
     334)        334       0.034       -0.04M      189.3        0.00       70.93      99.150      12.512      337.00      35.116      26.581      12.555        0.00 
     335)        335       0.034       -0.03M      189.1        0.00       70.80      99.140      12.487      338.00      35.113      26.583      12.530        0.00 
     336)        336       0.034       -0.05M      188.8        0.00       70.60      99.150      12.438      339.00      35.107      26.588      12.481        0.00 
     337)        337       0.034       -0.04M      188.6        0.00       70.43      99.150      12.359      340.00      35.097      26.596      12.402        0.00 
     338)        338       0.034       -0.01M      188.3        0.00       70.27      99.150      12.327      341.00      35.093      26.599      12.370        0.00 
     339)        339       0.034       -0.02M      188.1        0.00       70.12      99.150      12.290      342.00      35.088      26.602      12.333        0.00 
     340)        340       0.034       -0.02M      187.8        0.00       69.98      99.150      12.268      343.00      35.085      26.604      12.311        0.00 
     341)        341       0.033       -0.01M      187.7        0.00       69.94      99.170      12.265      344.00      35.084      26.604      12.308        0.00 
     342)        342       0.034       -0.00M      188.0        0.00       70.07      99.160      12.265      345.00      35.087      26.606      12.308        0.00 
     343)        343       0.034       -0.01M      187.9        0.00       70.09      99.150      12.330      346.00      35.093      26.599      12.373        0.00 
     344)        344       0.034       -0.04M      187.4        0.00       69.77      99.150      12.221      347.00      35.079      26.609      12.264        0.00 
     345)        345       0.034       -0.03M      186.5        0.00       69.37      99.150      12.186      348.00      35.074      26.612      12.229        0.00 
     346)        346       0.034       -0.03M      186.0        0.00       69.05      99.170      12.091      349.00      35.062      26.621      12.134        0.00 
     347)        347       0.034       -0.05M      185.8        0.00       68.85      99.170      12.012      350.00      35.054      26.630      12.055        0.00 
     348)        348       0.034       -0.03M      185.2        0.00       68.58      99.170      11.990      351.00      35.050      26.631      12.033        0.00 
     349)        349       0.034       -0.03M      184.8        0.00       68.33      99.150      11.920      352.00      35.041      26.637      11.963        0.00 
     350)        350       0.034       -0.04M      184.4        0.00       68.11      99.150      11.852      353.00      35.034      26.645      11.895        0.00 
     351)        351       0.034       -0.04M      184.3        0.00       68.02      99.150      11.817      354.00      35.030      26.648      11.860        0.00 
     352)        352       0.034       -0.03M      184.0        0.00       67.85      99.160      11.796      355.00      35.027      26.650      11.839        0.00 
     353)        353       0.034       -0.04M      183.6        0.00       67.65      99.150      11.757      356.00      35.022      26.653      11.800        0.00 
     354)        354       0.033       -0.03M      183.4        0.00       67.53      99.170      11.710      357.00      35.017      26.658      11.753        0.00 
     355)        355       0.033       -0.03M      183.3        0.00       67.46      99.170      11.685      358.00      35.014      26.661      11.729        0.00 
     356)        356       0.034       -0.03M      182.9        0.00       67.28      99.160      11.660      359.00      35.012      26.664      11.704        0.00 
     357)        357       0.034       -0.02M      182.4        0.00       67.05      99.150      11.636      360.00      35.008      26.665      11.680        0.00 
     358)        358       0.033       -0.01M      182.4        0.00       66.96      99.170      11.575      361.00      35.001      26.671      11.619        0.00 
     359)        359       0.034       -0.02M      182.6        0.00       66.96      99.150      11.528      362.00      34.996      26.676      11.572        0.00 
     360)        360       0.034       -0.00M      182.3        0.00       66.84      99.160      11.517      363.00      34.994      26.677      11.561        0.00 
     361)        361       0.033        0.02       182.0        0.00       66.65      99.170      11.461      364.00      34.987      26.682      11.505        0.00 
     362)        362       0.033        0.00       182.3        0.00       66.69      99.170      11.413      365.00      34.982      26.687      11.457        0.00 
     363)        363       0.034       -0.01M      182.5        0.00       66.73      99.170      11.406      366.00      34.981      26.687      11.450        0.00 
     364)        364       0.034       -0.04M      182.2        0.00       66.63      99.170      11.397      367.00      34.980      26.688      11.441        0.00 
     365)        365       0.033       -0.03M      182.2        0.00       66.60      99.170      11.375      368.00      34.977      26.690      11.419        0.00 
     366)        366       0.033       -0.03M      182.4        0.00       66.61      99.170      11.347      369.00      34.974      26.693      11.391        0.00 
     367)        367       0.033        0.01       182.4        0.00       66.57      99.170      11.308      370.00      34.969      26.696      11.352        0.00 
     368)        368       0.033        0.04       182.2        0.00       66.42      99.180      11.268      371.00      34.964      26.699      11.312        0.00 
     369)        369       0.033        0.06       181.6        0.00       66.14      99.180      11.216      372.00      34.958      26.704      11.260        0.00 
     370)        370       0.033        0.06       180.9        0.00       65.81      99.180      11.156      373.00      34.951      26.710      11.200        0.00 
     371)        371       0.033        0.08       180.7        0.00       65.63      99.170      11.098      374.00      34.945      26.716      11.142        0.00 
     372)        372       0.033        0.06       180.3        0.00       65.46      99.180      11.065      375.00      34.942      26.719      11.109        0.00 
     373)        373       0.033        0.03       180.4        0.00       65.45      99.170      11.045      376.00      34.940      26.722      11.089        0.00 
     374)        374       0.034        0.05       180.5        0.00       65.49      99.170      11.035      377.00      34.939      26.723      11.079        0.00 
     375)        375       0.033        0.05       180.2        0.00       65.33      99.180      11.007      378.00      34.935      26.725      11.051        0.00 
     376)        376       0.033        0.07       179.5        0.00       64.99      99.180      10.951      379.00      34.929      26.730      10.995        0.00 
     377)        377       0.033        0.07       178.8        0.00       64.66      99.180      10.905      380.00      34.924      26.734      10.949        0.00 
     378)        378       0.033        0.06       178.2        0.00       64.44      99.170      10.881      381.00      34.922      26.737      10.926        0.00 
     379)        379       0.033        0.04       177.9        0.00       64.30      99.170      10.870      382.00      34.921      26.738      10.915        0.00 
     380)        380       0.033        0.01       177.6        0.00       64.18      99.180      10.860      383.00      34.920      26.739      10.905        0.00 
     381)        381       0.033        0.02       177.2        0.00       64.01      99.180      10.841      384.00      34.918      26.741      10.886        0.00 
     382)        382       0.033        0.05       176.8        0.00       63.81      99.180      10.807      385.00      34.913      26.743      10.852        0.00 
     383)        383       0.033        0.05       176.1        0.00       63.48      99.180      10.745      386.00      34.907      26.750      10.790        0.00 
     384)        384       0.033        0.04       175.1        0.00       63.07      99.180      10.701      387.00      34.902      26.754      10.746        0.00 
     385)        385       0.034        0.03       174.6        0.00       62.78      99.160      10.632      388.00      34.894      26.760      10.677        0.00 
     386)        386       0.033        0.04       174.1        0.00       62.54      99.180      10.595      389.00      34.891      26.764      10.640        0.00 
     387)        387       0.033        0.04       173.7        0.00       62.36      99.180      10.576      390.00      34.888      26.765      10.621        0.00 
     388)        388       0.033        0.02       173.3        0.00       62.16      99.180      10.520      391.00      34.882      26.770      10.565        0.00 
     389)        389       0.033        0.01       173.4        0.00       62.11      99.180      10.466      392.00      34.877      26.776      10.511        0.00 
     390)        390       0.033        0.01       173.5        0.00       62.14      99.180      10.455      393.00      34.876      26.777      10.500        0.00 
     391)        391       0.033        0.02       173.4        0.00       62.10      99.180      10.449      394.00      34.875      26.777      10.494        0.00 
     392)        392       0.033        0.02       173.1        0.00       61.97      99.180      10.433      395.00      34.875      26.779      10.478        0.00 
     393)        393       0.033        0.03       173.0        0.00       61.93      99.170      10.427      396.00      34.874      26.780      10.472        0.00 
     394)        394       0.033        0.05       173.1        0.00       61.92      99.180      10.409      397.00      34.871      26.781      10.454        0.00 
     395)        395       0.033        0.05       172.9        0.00       61.85      99.180      10.391      398.00      34.870      26.784      10.436        0.00 
     396)        396       0.033        0.05       172.7        0.00       61.73      99.180      10.368      399.00      34.868      26.785      10.413        0.00 
     397)        397       0.033        0.04       172.5        0.00       61.64      99.180      10.339      400.00      34.866      26.789      10.384        0.00 
     398)        398       0.033        0.05       172.2        0.00       61.48      99.180      10.310      401.00      34.862      26.791      10.355        0.00 
     399)        399       0.033        0.03       172.0        0.00       61.38      99.180      10.289      402.00      34.860      26.793      10.335        0.00 
     400)        400       0.033        0.04       172.0        0.00       61.36      99.180      10.274      403.00      34.859      26.795      10.320        0.00 
     401)        401       0.033        0.06       172.1        0.00       61.36      99.190      10.256      404.00      34.857      26.796      10.302        0.00 
     402)        402       0.032        0.06       172.1        0.00       61.38      99.200      10.260      405.00      34.859      26.797      10.306        0.00 
     403)        403       0.033        0.03       171.7        0.00       61.23      99.180      10.251      406.00      34.856      26.796      10.297        0.00 
     404)        404       0.033        0.04       171.4        0.00       61.08      99.180      10.216      407.00      34.853      26.800      10.262        0.00 
     405)        405       0.033        0.01       171.2        0.00       60.94      99.190      10.192      408.00      34.849      26.801      10.238        0.00 
     406)        406       0.032        0.00       170.8        0.00       60.77      99.200      10.157      409.00      34.846      26.805      10.203        0.00 
     407)        407       0.033        0.01       170.4        0.00       60.58      99.190      10.117      410.00      34.842      26.809      10.163        0.00 
     408)        408       0.033        0.03       170.4        0.00       60.50      99.180      10.065      411.00      34.836      26.813      10.111        0.00 
     409)        409       0.032        0.01       170.3        0.00       60.45      99.200      10.043      412.00      34.834      26.815      10.089        0.00 
     410)        410       0.032        0.02       169.9        0.00       60.26      99.210      10.029      413.00      34.833      26.817      10.075        0.00 
     411)        411       0.032        0.02       169.3        0.00       60.03      99.190      10.009      414.00      34.832      26.819      10.055        0.00 
     412)        412       0.033        0.06       168.9        0.00       59.88      99.180       9.987      415.00      34.829      26.821      10.033        0.00 
     413)        413       0.033        0.06       168.9        0.00       59.84      99.180       9.959      416.00      34.827      26.824      10.005        0.00 
     414)        414       0.032        0.04       169.2        0.00       59.90      99.190       9.938      417.00      34.824      26.825       9.984        0.00 
     415)        415       0.032        0.05       169.3        0.00       59.93      99.210       9.921      418.00      34.822      26.827       9.967        0.00 
     416)        416       0.032        0.06       169.1        0.00       59.80      99.200       9.892      419.00      34.818      26.828       9.939        0.00 
     417)        417       0.032        0.06       168.6        0.00       59.60      99.200       9.857      420.00      34.815      26.832       9.904        0.00 
     418)        418       0.033        0.05       168.4        0.00       59.48      99.190       9.843      421.00      34.814      26.833       9.890        0.00 
     419)        419       0.033        0.04       168.1        0.00       59.36      99.190       9.830      422.00      34.813      26.835       9.877        0.00 
     420)        420       0.033        0.02       168.0        0.00       59.34      99.190       9.825      423.00      34.812      26.835       9.872        0.00 
     421)        421       0.032        0.03       168.1        0.00       59.35      99.200       9.821      424.00      34.812      26.836       9.868        0.00 
     422)        422       0.032        0.04       168.0        0.00       59.33      99.200       9.817      425.00      34.811      26.836       9.864        0.00 
     423)        423       0.032        0.05       168.0        0.00       59.31      99.200       9.805      426.00      34.810      26.837       9.852        0.00 
     424)        424       0.032        0.05       168.0        0.00       59.27      99.200       9.784      427.00      34.808      26.839       9.831        0.00 
     425)        425       0.033        0.05       167.7        0.00       59.17      99.190       9.771      428.00      34.807      26.840       9.818        0.00 
     426)        426       0.033        0.07       167.6        0.00       59.12      99.180       9.763      429.00      34.806      26.841       9.810        0.00 
     427)        427       0.032        0.08       167.3        0.00       59.00      99.200       9.748      430.00      34.805      26.843       9.795        0.00 
     428)        428       0.032        0.07       167.4        0.00       59.02      99.210       9.733      431.00      34.803      26.844       9.780        0.00 
     429)        429       0.032        0.08       167.5        0.00       59.00      99.210       9.706      432.00      34.800      26.846       9.754        0.00 
     430)        430       0.032        0.06       167.4        0.00       58.97      99.200       9.695      433.00      34.799      26.847       9.743        0.00 
     431)        431       0.032        0.06       167.3        0.00       58.90      99.200       9.685      434.00      34.798      26.848       9.733        0.00 
     432)        432       0.033        0.05       167.0        0.00       58.77      99.190       9.675      435.00      34.796      26.848       9.723        0.00 
     433)        433       0.033        0.03       166.7        0.00       58.65      99.180       9.647      436.00      34.793      26.850       9.695        0.00 
     434)        434       0.032        0.05       166.6        0.00       58.56      99.200       9.605      437.00      34.789      26.854       9.653        0.00 
     435)        435       0.032        0.06       166.6        0.00       58.47      99.200       9.552      438.00      34.784      26.859       9.600        0.00 
     436)        436       0.032        0.03       166.4        0.00       58.41      99.200       9.541      439.00      34.783      26.860       9.589        0.00 
     437)        437       0.033        0.06       165.9        0.00       58.20      99.180       9.516      440.00      34.780      26.862       9.564        0.00 
     438)        438       0.032        0.07       165.2        0.00       57.92      99.210       9.489      441.00      34.778      26.865       9.537        0.00 
     439)        439       0.032        0.07       165.1        0.00       57.81      99.210       9.450      442.00      34.774      26.868       9.498        0.00 
     440)        440       0.032        0.07       165.2        0.00       57.83      99.210       9.423      443.00      34.772      26.871       9.471        0.00 
     441)        441       0.032        0.07       165.2        0.00       57.80      99.210       9.414      444.00      34.771      26.872       9.462        0.00 
     442)        442       0.032        0.06       165.0        0.00       57.73      99.210       9.411      445.00      34.770      26.871       9.459        0.00 
     443)        443       0.032        0.05       165.0        0.00       57.72      99.210       9.388      446.00      34.768      26.874       9.436        0.00 
     444)        444       0.032        0.06       165.0        0.00       57.70      99.210       9.386      447.00      34.769      26.875       9.434        0.00 
     445)        445       0.032        0.05       164.9        0.00       57.66      99.200       9.380      448.00      34.768      26.875       9.428        0.00 
     446)        446       0.032        0.06       164.7        0.00       57.60      99.210       9.375      449.00      34.768      26.876       9.423        0.00 
     447)        447       0.032        0.07       164.8        0.00       57.61      99.210       9.371      450.00      34.768      26.876       9.420        0.00 
     448)        448       0.032        0.09       164.7        0.00       57.58      99.210       9.371      451.00      34.768      26.876       9.420        0.00 
     449)        449       0.032        0.10       164.6        0.00       57.56      99.210       9.366      452.00      34.767      26.876       9.415        0.00 
     450)        450       0.032        0.08       164.6        0.00       57.55      99.210       9.360      453.00      34.767      26.877       9.409        0.00 
     451)        451       0.032        0.06       164.6        0.00       57.54      99.210       9.354      454.00      34.766      26.877       9.403        0.00 
     452)        452       0.032        0.06       164.4        0.00       57.44      99.210       9.345      455.00      34.765      26.878       9.394        0.00 
     453)        453       0.032        0.07       164.2        0.00       57.35      99.210       9.335      456.00      34.764      26.879       9.384        0.00 
     454)        454       0.032        0.06       163.5        0.00       57.08      99.210       9.294      457.00      34.760      26.883       9.343        0.00 
     455)        455       0.032        0.07       163.4        0.00       56.92      99.210       9.213      458.00      34.752      26.890       9.262        0.00 
     456)        456       0.032        0.09       163.3        0.00       56.85      99.210       9.174      459.00      34.747      26.892       9.223        0.00 
     457)        457       0.032        0.08       163.8        0.00       56.96      99.210       9.142      460.00      34.744      26.895       9.191        0.00 
     458)        458       0.031        0.06       163.9        0.00       56.98      99.230       9.128      461.00      34.742      26.896       9.177        0.00 
     459)        459       0.032        0.07       163.7        0.00       56.92      99.210       9.118      462.00      34.741      26.896       9.167        0.00 
     460)        460       0.032        0.08       163.6        0.00       56.85      99.210       9.104      463.00      34.740      26.898       9.153        0.00 
     461)        461       0.032        0.06       163.6        0.00       56.81      99.210       9.077      464.00      34.737      26.900       9.126        0.00 
     462)        462       0.032        0.07       163.7        0.00       56.83      99.210       9.051      465.00      34.735      26.903       9.100        0.00 
     463)        463       0.032        0.07       164.0        0.00       56.91      99.210       9.035      466.00      34.733      26.904       9.084        0.00 
     464)        464       0.031        0.06       163.9        0.00       56.87      99.230       9.027      467.00      34.732      26.904       9.076        0.00 
     465)        465       0.031        0.03       163.6        0.00       56.75      99.220       9.011      468.00      34.730      26.905       9.061        0.00 
     466)        466       0.032        0.01       163.5        0.00       56.68      99.220       8.983      469.00      34.727      26.907       9.033        0.00 
     467)        467       0.032       -0.01M      163.5        0.00       56.58      99.210       8.912      470.00      34.721      26.914       8.961        0.00 
     468)        468       0.032       -0.02M      163.4        0.00       56.49      99.210       8.861      471.00      34.715      26.917       8.910        0.00 
     469)        469       0.031       -0.04M      163.6        0.00       56.42      99.220       8.773      472.00      34.707      26.925       8.822        0.00 
     470)        470       0.031       -0.04M      163.5        0.00       56.34      99.220       8.731      473.00      34.703      26.928       8.780        0.00 
     471)        471       0.031       -0.06M      163.6        0.00       56.35      99.230       8.705      474.00      34.700      26.930       8.754        0.00 
     472)        472       0.031       -0.06M      163.6        0.00       56.48      99.220       8.818      475.00      34.714      26.923       8.868        0.00 
     473)        473       0.032       -0.04M      162.6        0.00       56.15      99.220       8.818      476.00      34.711      26.921       8.868        0.00 
     474)        474       0.032       -0.04M      161.7        0.00       55.60      99.210       8.649      477.00      34.697      26.937       8.698        0.00 
     475)        475       0.032       -0.02M      161.4        0.00       55.47      99.210       8.625      478.00      34.695      26.939       8.674        0.00 
     476)        476       0.031        0.00       161.6        0.00       55.50      99.230       8.598      479.00      34.691      26.940       8.647        0.00 
     477)        477       0.031        0.01       162.1        0.00       55.64      99.230       8.562      480.00      34.686      26.942       8.611        0.00 
     478)        478       0.031        0.01       162.2        0.00       55.63      99.230       8.527      481.00      34.683      26.945       8.576        0.00 
     479)        479       0.031       -0.01M      161.7        0.00       55.43      99.230       8.518      482.00      34.684      26.947       8.567        0.00 
     480)        480       0.031       -0.02M      161.5        0.00       55.38      99.230       8.516      483.00      34.683      26.946       8.566        0.00 
     481)        481       0.031       -0.03M      161.5        0.00       55.36      99.230       8.510      484.00      34.684      26.948       8.560        0.00 
     482)        482       0.032       -0.03M      161.1        0.00       55.23      99.220       8.514      485.00      34.686      26.949       8.564        0.00 
     483)        483       0.031       -0.00M      160.7        0.00       55.08      99.230       8.499      486.00      34.684      26.950       8.549        0.00 
     484)        484       0.031       -0.00M      160.6        0.00       55.04      99.230       8.495      487.00      34.684      26.950       8.545        0.00 
     485)        485       0.031        0.02       160.4        0.00       54.96      99.230       8.494      488.00      34.685      26.951       8.544        0.00 
     486)        486       0.031        0.04       160.3        0.00       54.93      99.230       8.481      489.00      34.683      26.952       8.531        0.00 
     487)        487       0.031        0.02       160.3        0.00       54.91      99.230       8.470      490.00      34.682      26.953       8.520        0.00 
     488)        488       0.031        0.02       160.4        0.00       54.92      99.220       8.460      491.00      34.681      26.953       8.510        0.00 
     489)        489       0.032        0.03       160.4        0.00       54.91      99.210       8.442      492.00      34.679      26.955       8.492        0.00 
     490)        490       0.032        0.04       160.3        0.00       54.87      99.220       8.435      493.00      34.680      26.957       8.485        0.00 
     491)        491       0.031        0.03       159.8        0.00       54.74      99.220       8.461      494.00      34.681      26.953       8.512        0.00 
     492)        492       0.031        0.04       159.4        0.00       54.47      99.230       8.366      495.00      34.674      26.962       8.416        0.00 
     493)        493       0.031        0.03       159.1        0.00       54.35      99.230       8.359      496.00      34.673      26.963       8.409        0.00 
     494)        494       0.031        0.03       159.1        0.00       54.36      99.220       8.352      497.00      34.672      26.963       8.403        0.00 
     495)        495       0.032        0.03       159.3        0.00       54.38      99.210       8.316      498.00      34.669      26.966       8.366        0.00 
     496)        496       0.031        0.04       159.7        0.00       54.59      99.220       8.385      499.00      34.675      26.960       8.436        0.00 
     497)        497       0.031        0.07       159.5        0.00       54.50      99.230       8.364      500.00      34.674      26.963       8.415        0.00 
     498)        498       0.031        0.06       159.5        0.00       54.52      99.230       8.369      501.00      34.674      26.962       8.420        0.00 
     499)        499       0.031        0.09       159.4        0.00       54.37      99.230       8.284      502.00      34.667      26.969       8.335        0.00 
     500)        500       0.031        0.07       159.2        0.00       54.27      99.240       8.260      503.00      34.663      26.970       8.311        0.00 
     501)        501       0.031        0.07       159.3        0.00       54.15      99.240       8.135      504.00      34.652      26.980       8.185        0.00 